[0721/153639.574:ERROR:process_reader_win.cc(188)] ResumeThread: The parameter is incorrect. (0x57)
[0721/153639.575:ERROR:process_reader_win.cc(151)] SuspendThread: Access is denied. (0x5)
[0721/153639.575:ERROR:process_reader_win.cc(151)] SuspendThread: Access is denied. (0x5)
[0721/153639.575:ERROR:process_reader_win.cc(123)] NtOpenThread: An invalid Client ID was specified. (0xc000000b)
[0721/153639.601:ERROR:process_reader_win.cc(151)] SuspendThread: Access is denied. (0x5)
[0721/153639.937:ERROR:process_memory_win.cc(73)] ReadMemory at 0x7ff76aab0000 of 64 bytes failed: Only part of a ReadProcessMemory or WriteProcessMemory request was completed. (0x12B)
[0721/153639.937:WARNING:pe_image_reader.cc(340)] could not read dos header from C:\Program Files (x86)\Google\Chrome\Application\chrome.exe
[0721/153639.948:ERROR:process_memory_win.cc(73)] ReadMemory at 0x7ffca65a0000 of 64 bytes failed: Only part of a ReadProcessMemory or WriteProcessMemory request was completed. (0x12B)
[0721/153639.948:WARNING:pe_image_reader.cc(340)] could not read dos header from C:\WINDOWS\SYSTEM32\ntdll.dll
[0721/153639.948:ERROR:process_memory_win.cc(73)] ReadMemory at 0x7ffca5d00000 of 64 bytes failed: Only part of a ReadProcessMemory or WriteProcessMemory request was completed. (0x12B)
[0721/153639.948:WARNING:pe_image_reader.cc(340)] could not read dos header from C:\WINDOWS\System32\KERNEL32.DLL
[0721/153639.948:ERROR:process_memory_win.cc(73)] ReadMemory at 0x7ffca3720000 of 64 bytes failed: Only part of a ReadProcessMemory or WriteProcessMemory request was completed. (0x12B)
[0721/153639.948:WARNING:pe_image_reader.cc(340)] could not read dos header from C:\WINDOWS\System32\KERNELBASE.dll
[0721/153639.948:ERROR:process_memory_win.cc(73)] ReadMemory at 0x7ffc84a00000 of 64 bytes failed: Only part of a ReadProcessMemory or WriteProcessMemory request was completed. (0x12B)
[0721/153639.948:WARNING:pe_image_reader.cc(340)] could not read dos header from C:\Program Files (x86)\Google\Chrome\Application\84.0.4147.89\chrome_elf.dll
[0721/153639.949:ERROR:process_memory_win.cc(73)] ReadMemory at 0x7ffc9d690000 of 64 bytes failed: Only part of a ReadProcessMemory or WriteProcessMemory request was completed. (0x12B)
[0721/153639.949:WARNING:pe_image_reader.cc(340)] could not read dos header from C:\WINDOWS\SYSTEM32\VERSION.dll
[0721/153639.949:ERROR:process_memory_win.cc(73)] ReadMemory at 0x7ffca4ae0000 of 64 bytes failed: Only part of a ReadProcessMemory or WriteProcessMemory request was completed. (0x12B)
[0721/153639.949:WARNING:pe_image_reader.cc(340)] could not read dos header from C:\WINDOWS\System32\msvcrt.dll
[0721/153639.949:ERROR:process_memory_win.cc(73)] ReadMemory at 0x7ffca3ce0000 of 64 bytes failed: Only part of a ReadProcessMemory or WriteProcessMemory request was completed. (0x12B)
[0721/153639.949:WARNING:pe_image_reader.cc(340)] could not read dos header from C:\WINDOWS\System32\bcryptPrimitives.dll
[0721/153639.949:ERROR:process_memory_win.cc(73)] ReadMemory at 0x7ffca5b40000 of 64 bytes failed: Only part of a ReadProcessMemory or WriteProcessMemory request was completed. (0x12B)
[0721/153639.949:WARNING:pe_image_reader.cc(340)] could not read dos header from C:\WINDOWS\System32\ADVAPI32.dll
[0721/153639.949:ERROR:process_memory_win.cc(73)] ReadMemory at 0x7ffca6290000 of 64 bytes failed: Only part of a ReadProcessMemory or WriteProcessMemory request was completed. (0x12B)
[0721/153639.949:WARNING:pe_image_reader.cc(340)] could not read dos header from C:\WINDOWS\System32\sechost.dll
[0721/153639.949:ERROR:process_memory_win.cc(73)] ReadMemory at 0x7ffca4800000 of 64 bytes failed: Only part of a ReadProcessMemory or WriteProcessMemory request was completed. (0x12B)
[0721/153639.949:WARNING:pe_image_reader.cc(340)] could not read dos header from C:\WINDOWS\System32\RPCRT4.dll
[0721/153639.949:ERROR:process_memory_win.cc(73)] ReadMemory at 0x7ffc5aa50000 of 64 bytes failed: Only part of a ReadProcessMemory or WriteProcessMemory request was completed. (0x12B)
[0721/153639.949:WARNING:pe_image_reader.cc(340)] could not read dos header from C:\Program Files (x86)\Google\Chrome\Application\84.0.4147.89\chrome.dll
[0721/153639.949:ERROR:process_memory_win.cc(73)] ReadMemory at 0x7ffca6390000 of 64 bytes failed: Only part of a ReadProcessMemory or WriteProcessMemory request was completed. (0x12B)
[0721/153639.949:WARNING:pe_image_reader.cc(340)] could not read dos header from C:\WINDOWS\System32\WS2_32.dll
[0721/153639.950:ERROR:process_memory_win.cc(73)] ReadMemory at 0x7ffca5a70000 of 64 bytes failed: Only part of a ReadProcessMemory or WriteProcessMemory request was completed. (0x12B)
[0721/153639.950:WARNING:pe_image_reader.cc(340)] could not read dos header from C:\WINDOWS\System32\OLEAUT32.dll
[0721/153639.950:ERROR:process_memory_win.cc(73)] ReadMemory at 0x7ffca3df0000 of 64 bytes failed: Only part of a ReadProcessMemory or WriteProcessMemory request was completed. (0x12B)
[0721/153639.950:WARNING:pe_image_reader.cc(340)] could not read dos header from C:\WINDOWS\System32\msvcp_win.dll
[0721/153639.950:ERROR:process_memory_win.cc(73)] ReadMemory at 0x7ffca3b90000 of 64 bytes failed: Only part of a ReadProcessMemory or WriteProcessMemory request was completed. (0x12B)
[0721/153639.950:WARNING:pe_image_reader.cc(340)] could not read dos header from C:\WINDOWS\System32\ucrtbase.dll
[0721/153639.950:ERROR:process_memory_win.cc(73)] ReadMemory at 0x7ffca5dc0000 of 64 bytes failed: Only part of a ReadProcessMemory or WriteProcessMemory request was completed. (0x12B)
[0721/153639.950:WARNING:pe_image_reader.cc(340)] could not read dos header from C:\WINDOWS\System32\combase.dll
[0721/153639.950:ERROR:process_memory_win.cc(73)] ReadMemory at 0x7ffca3d60000 of 64 bytes failed: Only part of a ReadProcessMemory or WriteProcessMemory request was completed. (0x12B)
[0721/153639.950:WARNING:pe_image_reader.cc(340)] could not read dos header from C:\WINDOWS\System32\WINTRUST.dll
[0721/153639.950:ERROR:process_memory_win.cc(73)] ReadMemory at 0x7ffca3480000 of 64 bytes failed: Only part of a ReadProcessMemory or WriteProcessMemory request was completed. (0x12B)
[0721/153639.950:WARNING:pe_image_reader.cc(340)] could not read dos header from C:\WINDOWS\System32\MSASN1.dll
[0721/153639.950:ERROR:process_memory_win.cc(73)] ReadMemory at 0x7ffca3520000 of 64 bytes failed: Only part of a ReadProcessMemory or WriteProcessMemory request was completed. (0x12B)
[0721/153639.950:WARNING:pe_image_reader.cc(340)] could not read dos header from C:\WINDOWS\System32\CRYPT32.dll
[0721/153639.950:ERROR:process_memory_win.cc(73)] ReadMemory at 0x7ffca2930000 of 64 bytes failed: Only part of a ReadProcessMemory or WriteProcessMemory request was completed. (0x12B)
[0721/153639.950:WARNING:pe_image_reader.cc(340)] could not read dos header from C:\WINDOWS\SYSTEM32\IPHLPAPI.DLL
[0721/153639.950:ERROR:process_memory_win.cc(73)] ReadMemory at 0x7ffc957b0000 of 64 bytes failed: Only part of a ReadProcessMemory or WriteProcessMemory request was completed. (0x12B)
[0721/153639.950:WARNING:pe_image_reader.cc(340)] could not read dos header from C:\WINDOWS\SYSTEM32\Secur32.dll
[0721/153639.951:ERROR:process_memory_win.cc(73)] ReadMemory at 0x7ffca0970000 of 64 bytes failed: Only part of a ReadProcessMemory or WriteProcessMemory request was completed. (0x12B)
[0721/153639.951:WARNING:pe_image_reader.cc(340)] could not read dos header from C:\WINDOWS\SYSTEM32\WINMM.dll
[0721/153639.951:ERROR:process_memory_win.cc(73)] ReadMemory at 0x7ffca3370000 of 64 bytes failed: Only part of a ReadProcessMemory or WriteProcessMemory request was completed. (0x12B)
[0721/153639.951:WARNING:pe_image_reader.cc(340)] could not read dos header from C:\WINDOWS\SYSTEM32\USERENV.dll
[0721/153639.951:ERROR:process_memory_win.cc(73)] ReadMemory at 0x7ffca34f0000 of 64 bytes failed: Only part of a ReadProcessMemory or WriteProcessMemory request was completed. (0x12B)
[0721/153639.951:WARNING:pe_image_reader.cc(340)] could not read dos header from C:\WINDOWS\System32\profapi.dll
[0721/153639.951:ERROR:process_memory_win.cc(73)] ReadMemory at 0x7ffc934b0000 of 64 bytes failed: Only part of a ReadProcessMemory or WriteProcessMemory request was completed. (0x12B)
[0721/153639.951:WARNING:pe_image_reader.cc(340)] could not read dos header from C:\WINDOWS\SYSTEM32\DWrite.dll
[0721/153639.951:ERROR:process_memory_win.cc(73)] ReadMemory at 0x7ffc9b090000 of 64 bytes failed: Only part of a ReadProcessMemory or WriteProcessMemory request was completed. (0x12B)
[0721/153639.951:WARNING:pe_image_reader.cc(340)] could not read dos header from C:\WINDOWS\SYSTEM32\WINSPOOL.DRV
[0721/153639.951:ERROR:process_memory_win.cc(73)] ReadMemory at 0x7ffc79500000 of 64 bytes failed: Only part of a ReadProcessMemory or WriteProcessMemory request was completed. (0x12B)
[0721/153639.951:WARNING:pe_image_reader.cc(340)] could not read dos header from C:\WINDOWS\SYSTEM32\UIAutomationCore.DLL
[0721/153639.951:ERROR:process_memory_win.cc(73)] ReadMemory at 0x7ffca3460000 of 64 bytes failed: Only part of a ReadProcessMemory or WriteProcessMemory request was completed. (0x12B)
[0721/153639.951:WARNING:pe_image_reader.cc(340)] could not read dos header from C:\WINDOWS\System32\kernel.appcore.dll
[0721/153639.952:ERROR:process_memory_win.cc(73)] ReadMemory at 0x7ffca3dc0000 of 64 bytes failed: Only part of a ReadProcessMemory or WriteProcessMemory request was completed. (0x12B)
[0721/153639.952:WARNING:pe_image_reader.cc(340)] could not read dos header from C:\WINDOWS\System32\bcrypt.dll
[0721/153639.952:ERROR:process_memory_win.cc(73)] ReadMemory at 0x7ffc9bfd0000 of 64 bytes failed: Only part of a ReadProcessMemory or WriteProcessMemory request was completed. (0x12B)
[0721/153639.952:WARNING:pe_image_reader.cc(340)] could not read dos header from C:\WINDOWS\SYSTEM32\WINHTTP.dll
[0721/153639.952:ERROR:process_memory_win.cc(73)] ReadMemory at 0x7ffca0940000 of 64 bytes failed: Only part of a ReadProcessMemory or WriteProcessMemory request was completed. (0x12B)
[0721/153639.952:WARNING:pe_image_reader.cc(340)] could not read dos header from C:\WINDOWS\SYSTEM32\WINMMBASE.dll
[0721/153639.952:ERROR:process_memory_win.cc(73)] ReadMemory at 0x7ffc9dfc0000 of 64 bytes failed: Only part of a ReadProcessMemory or WriteProcessMemory request was completed. (0x12B)
[0721/153639.952:WARNING:pe_image_reader.cc(340)] could not read dos header from C:\WINDOWS\SYSTEM32\dhcpcsvc.DLL
[0721/153639.952:ERROR:process_memory_win.cc(73)] ReadMemory at 0x7ffca3c90000 of 64 bytes failed: Only part of a ReadProcessMemory or WriteProcessMemory request was completed. (0x12B)
[0721/153639.952:WARNING:pe_image_reader.cc(340)] could not read dos header from C:\WINDOWS\System32\cfgmgr32.dll
[0721/153639.952:ERROR:process_memory_win.cc(73)] ReadMemory at 0x7ffca4920000 of 64 bytes failed: Only part of a ReadProcessMemory or WriteProcessMemory request was completed. (0x12B)
[0721/153639.952:WARNING:pe_image_reader.cc(340)] could not read dos header from C:\WINDOWS\System32\NSI.dll
[0721/153639.952:ERROR:process_memory_win.cc(73)] ReadMemory at 0x7ffc968a0000 of 64 bytes failed: Only part of a ReadProcessMemory or WriteProcessMemory request was completed. (0x12B)
[0721/153639.952:WARNING:pe_image_reader.cc(340)] could not read dos header from C:\WINDOWS\SYSTEM32\dbghelp.dll
[0721/153639.952:ERROR:process_memory_win.cc(73)] ReadMemory at 0x7ffca00b0000 of 64 bytes failed: Only part of a ReadProcessMemory or WriteProcessMemory request was completed. (0x12B)
[0721/153639.952:WARNING:pe_image_reader.cc(340)] could not read dos header from C:\WINDOWS\SYSTEM32\PROPSYS.dll
[0721/153639.952:ERROR:process_memory_win.cc(73)] ReadMemory at 0x7ffca6130000 of 64 bytes failed: Only part of a ReadProcessMemory or WriteProcessMemory request was completed. (0x12B)
[0721/153639.953:WARNING:pe_image_reader.cc(340)] could not read dos header from C:\WINDOWS\System32\shcore.dll
[0721/153639.953:ERROR:process_memory_win.cc(73)] ReadMemory at 0x7ffca3340000 of 64 bytes failed: Only part of a ReadProcessMemory or WriteProcessMemory request was completed. (0x12B)
[0721/153639.953:WARNING:pe_image_reader.cc(340)] could not read dos header from C:\WINDOWS\SYSTEM32\SSPICLI.DLL
[0721/153639.953:ERROR:process_memory_win.cc(73)] ReadMemory at 0x7ffca5380000 of 64 bytes failed: Only part of a ReadProcessMemory or WriteProcessMemory request was completed. (0x12B)
[0721/153639.953:WARNING:pe_image_reader.cc(340)] could not read dos header from C:\WINDOWS\System32\SHELL32.dll
[0721/153639.953:ERROR:process_memory_win.cc(73)] ReadMemory at 0x7ffca3e90000 of 64 bytes failed: Only part of a ReadProcessMemory or WriteProcessMemory request was completed. (0x12B)
[0721/153639.953:WARNING:pe_image_reader.cc(340)] could not read dos header from C:\WINDOWS\System32\windows.storage.dll
[0721/153639.953:ERROR:process_memory_win.cc(73)] ReadMemory at 0x7ffca34a0000 of 64 bytes failed: Only part of a ReadProcessMemory or WriteProcessMemory request was completed. (0x12B)
[0721/153639.953:WARNING:pe_image_reader.cc(340)] could not read dos header from C:\WINDOWS\System32\powrprof.dll
[0721/153639.953:ERROR:process_memory_win.cc(73)] ReadMemory at 0x7ffca3450000 of 64 bytes failed: Only part of a ReadProcessMemory or WriteProcessMemory request was completed. (0x12B)
[0721/153639.953:WARNING:pe_image_reader.cc(340)] could not read dos header from C:\WINDOWS\System32\UMPDC.dll
[0721/153639.953:ERROR:process_memory_win.cc(73)] ReadMemory at 0x7ffca6330000 of 64 bytes failed: Only part of a ReadProcessMemory or WriteProcessMemory request was completed. (0x12B)
[0721/153639.953:WARNING:pe_image_reader.cc(340)] could not read dos header from C:\WINDOWS\System32\shlwapi.dll
[0721/153639.953:ERROR:process_memory_win.cc(73)] ReadMemory at 0x7ffca6260000 of 64 bytes failed: Only part of a ReadProcessMemory or WriteProcessMemory request was completed. (0x12B)
[0721/153639.953:WARNING:pe_image_reader.cc(340)] could not read dos header from C:\WINDOWS\System32\GDI32.dll
[0721/153639.954:ERROR:process_memory_win.cc(73)] ReadMemory at 0x7ffca4620000 of 64 bytes failed: Only part of a ReadProcessMemory or WriteProcessMemory request was completed. (0x12B)
[0721/153639.954:WARNING:pe_image_reader.cc(340)] could not read dos header from C:\WINDOWS\System32\win32u.dll
[0721/153639.954:ERROR:process_memory_win.cc(73)] ReadMemory at 0x7ffca39d0000 of 64 bytes failed: Only part of a ReadProcessMemory or WriteProcessMemory request was completed. (0x12B)
[0721/153639.954:WARNING:pe_image_reader.cc(340)] could not read dos header from C:\WINDOWS\System32\gdi32full.dll
[0721/153639.954:ERROR:process_memory_win.cc(73)] ReadMemory at 0x7ffca50b0000 of 64 bytes failed: Only part of a ReadProcessMemory or WriteProcessMemory request was completed. (0x12B)
[0721/153639.954:WARNING:pe_image_reader.cc(340)] could not read dos header from C:\WINDOWS\System32\USER32.dll
[0721/153639.954:ERROR:process_memory_win.cc(73)] ReadMemory at 0x7ffca3b70000 of 64 bytes failed: Only part of a ReadProcessMemory or WriteProcessMemory request was completed. (0x12B)
[0721/153639.954:WARNING:pe_image_reader.cc(340)] could not read dos header from C:\WINDOWS\System32\cryptsp.dll
[0721/153639.954:ERROR:process_memory_win.cc(73)] ReadMemory at 0x7ffca6100000 of 64 bytes failed: Only part of a ReadProcessMemory or WriteProcessMemory request was completed. (0x12B)
[0721/153639.954:WARNING:pe_image_reader.cc(340)] could not read dos header from C:\WINDOWS\System32\IMM32.DLL
[0721/153639.954:ERROR:process_memory_win.cc(73)] ReadMemory at 0x7ffca2d90000 of 64 bytes failed: Only part of a ReadProcessMemory or WriteProcessMemory request was completed. (0x12B)
[0721/153639.954:WARNING:pe_image_reader.cc(340)] could not read dos header from C:\WINDOWS\SYSTEM32\CRYPTBASE.DLL
[0721/153639.954:ERROR:process_memory_win.cc(73)] ReadMemory at 0x7ffc9e810000 of 64 bytes failed: Only part of a ReadProcessMemory or WriteProcessMemory request was completed. (0x12B)
[0721/153639.954:WARNING:pe_image_reader.cc(340)] could not read dos header from C:\WINDOWS\SYSTEM32\dhcpcsvc6.DLL
[0721/153639.954:ERROR:process_memory_win.cc(73)] ReadMemory at 0x7ffc9fbf0000 of 64 bytes failed: Only part of a ReadProcessMemory or WriteProcessMemory request was completed. (0x12B)
[0721/153639.954:WARNING:pe_image_reader.cc(340)] could not read dos header from C:\WINDOWS\system32\NLAapi.dll
[0721/153639.954:ERROR:process_memory_win.cc(73)] ReadMemory at 0x7ffca29c0000 of 64 bytes failed: Only part of a ReadProcessMemory or WriteProcessMemory request was completed. (0x12B)
[0721/153639.954:WARNING:pe_image_reader.cc(340)] could not read dos header from C:\WINDOWS\SYSTEM32\DNSAPI.dll
[0721/153639.955:ERROR:process_memory_win.cc(73)] ReadMemory at 0x7ffca2c10000 of 64 bytes failed: Only part of a ReadProcessMemory or WriteProcessMemory request was completed. (0x12B)
[0721/153639.955:WARNING:pe_image_reader.cc(340)] could not read dos header from C:\WINDOWS\system32\mswsock.dll
[0721/153639.955:ERROR:process_memory_win.cc(73)] ReadMemory at 0x7ffc9b420000 of 64 bytes failed: Only part of a ReadProcessMemory or WriteProcessMemory request was completed. (0x12B)
[0721/153639.955:WARNING:pe_image_reader.cc(340)] could not read dos header from C:\Windows\System32\rasadhlp.dll
[0721/153639.955:ERROR:process_memory_win.cc(73)] ReadMemory at 0x7ffc9e100000 of 64 bytes failed: Only part of a ReadProcessMemory or WriteProcessMemory request was completed. (0x12B)
[0721/153639.955:WARNING:pe_image_reader.cc(340)] could not read dos header from C:\WINDOWS\System32\fwpuclnt.dll
[0721/153639.955:ERROR:process_memory_win.cc(73)] ReadMemory at 0x7ffca2790000 of 64 bytes failed: Only part of a ReadProcessMemory or WriteProcessMemory request was completed. (0x12B)
[0721/153639.955:WARNING:pe_image_reader.cc(340)] could not read dos header from C:\WINDOWS\system32\rsaenh.dll
[0721/153639.955:ERROR:process_memory_win.cc(73)] ReadMemory at 0x7ffca2010000 of 64 bytes failed: Only part of a ReadProcessMemory or WriteProcessMemory request was completed. (0x12B)
[0721/153639.955:WARNING:pe_image_reader.cc(340)] could not read dos header from C:\WINDOWS\SYSTEM32\gpapi.dll
[0721/153639.955:ERROR:process_memory_win.cc(73)] ReadMemory at 0x7ffc96810000 of 64 bytes failed: Only part of a ReadProcessMemory or WriteProcessMemory request was completed. (0x12B)
[0721/153639.955:WARNING:pe_image_reader.cc(340)] could not read dos header from C:\Windows\System32\cryptnet.dll
[0721/153639.961:ERROR:process_memory_win.cc(73)] ReadMemory at 0x7ff76aab0000 of 64 bytes failed: Only part of a ReadProcessMemory or WriteProcessMemory request was completed. (0x12B)
[0721/153639.961:WARNING:pe_image_reader.cc(340)] could not read dos header from C:\Program Files (x86)\Google\Chrome\Application\chrome.exe
[0721/153639.961:ERROR:process_memory_win.cc(73)] ReadMemory at 0x7ffca65a0000 of 64 bytes failed: Only part of a ReadProcessMemory or WriteProcessMemory request was completed. (0x12B)
[0721/153639.961:WARNING:pe_image_reader.cc(340)] could not read dos header from C:\WINDOWS\SYSTEM32\ntdll.dll
[0721/153639.961:ERROR:process_memory_win.cc(73)] ReadMemory at 0x7ffca5d00000 of 64 bytes failed: Only part of a ReadProcessMemory or WriteProcessMemory request was completed. (0x12B)
[0721/153639.961:WARNING:pe_image_reader.cc(340)] could not read dos header from C:\WINDOWS\System32\KERNEL32.DLL
[0721/153639.961:ERROR:process_memory_win.cc(73)] ReadMemory at 0x7ffca3720000 of 64 bytes failed: Only part of a ReadProcessMemory or WriteProcessMemory request was completed. (0x12B)
[0721/153639.961:WARNING:pe_image_reader.cc(340)] could not read dos header from C:\WINDOWS\System32\KERNELBASE.dll
[0721/153639.962:ERROR:process_memory_win.cc(73)] ReadMemory at 0x7ffc84a00000 of 64 bytes failed: Only part of a ReadProcessMemory or WriteProcessMemory request was completed. (0x12B)
[0721/153639.962:WARNING:pe_image_reader.cc(340)] could not read dos header from C:\Program Files (x86)\Google\Chrome\Application\84.0.4147.89\chrome_elf.dll
[0721/153639.962:ERROR:process_memory_win.cc(73)] ReadMemory at 0x7ffc9d690000 of 64 bytes failed: Only part of a ReadProcessMemory or WriteProcessMemory request was completed. (0x12B)
[0721/153639.962:WARNING:pe_image_reader.cc(340)] could not read dos header from C:\WINDOWS\SYSTEM32\VERSION.dll
[0721/153639.962:ERROR:process_memory_win.cc(73)] ReadMemory at 0x7ffca4ae0000 of 64 bytes failed: Only part of a ReadProcessMemory or WriteProcessMemory request was completed. (0x12B)
[0721/153639.962:WARNING:pe_image_reader.cc(340)] could not read dos header from C:\WINDOWS\System32\msvcrt.dll
[0721/153639.962:ERROR:process_memory_win.cc(73)] ReadMemory at 0x7ffca3ce0000 of 64 bytes failed: Only part of a ReadProcessMemory or WriteProcessMemory request was completed. (0x12B)
[0721/153639.962:WARNING:pe_image_reader.cc(340)] could not read dos header from C:\WINDOWS\System32\bcryptPrimitives.dll
[0721/153639.962:ERROR:process_memory_win.cc(73)] ReadMemory at 0x7ffca5b40000 of 64 bytes failed: Only part of a ReadProcessMemory or WriteProcessMemory request was completed. (0x12B)
[0721/153639.962:WARNING:pe_image_reader.cc(340)] could not read dos header from C:\WINDOWS\System32\ADVAPI32.dll
[0721/153639.962:ERROR:process_memory_win.cc(73)] ReadMemory at 0x7ffca6290000 of 64 bytes failed: Only part of a ReadProcessMemory or WriteProcessMemory request was completed. (0x12B)
[0721/153639.962:WARNING:pe_image_reader.cc(340)] could not read dos header from C:\WINDOWS\System32\sechost.dll
[0721/153639.962:ERROR:process_memory_win.cc(73)] ReadMemory at 0x7ffca4800000 of 64 bytes failed: Only part of a ReadProcessMemory or WriteProcessMemory request was completed. (0x12B)
[0721/153639.962:WARNING:pe_image_reader.cc(340)] could not read dos header from C:\WINDOWS\System32\RPCRT4.dll
[0721/153639.962:ERROR:process_memory_win.cc(73)] ReadMemory at 0x7ffc5aa50000 of 64 bytes failed: Only part of a ReadProcessMemory or WriteProcessMemory request was completed. (0x12B)
[0721/153639.962:WARNING:pe_image_reader.cc(340)] could not read dos header from C:\Program Files (x86)\Google\Chrome\Application\84.0.4147.89\chrome.dll
[0721/153639.962:ERROR:process_memory_win.cc(73)] ReadMemory at 0x7ffca6390000 of 64 bytes failed: Only part of a ReadProcessMemory or WriteProcessMemory request was completed. (0x12B)
[0721/153639.962:WARNING:pe_image_reader.cc(340)] could not read dos header from C:\WINDOWS\System32\WS2_32.dll
[0721/153639.963:ERROR:process_memory_win.cc(73)] ReadMemory at 0x7ffca5a70000 of 64 bytes failed: Only part of a ReadProcessMemory or WriteProcessMemory request was completed. (0x12B)
[0721/153639.963:WARNING:pe_image_reader.cc(340)] could not read dos header from C:\WINDOWS\System32\OLEAUT32.dll
[0721/153639.963:ERROR:process_memory_win.cc(73)] ReadMemory at 0x7ffca3df0000 of 64 bytes failed: Only part of a ReadProcessMemory or WriteProcessMemory request was completed. (0x12B)
[0721/153639.963:WARNING:pe_image_reader.cc(340)] could not read dos header from C:\WINDOWS\System32\msvcp_win.dll
[0721/153639.963:ERROR:process_memory_win.cc(73)] ReadMemory at 0x7ffca3b90000 of 64 bytes failed: Only part of a ReadProcessMemory or WriteProcessMemory request was completed. (0x12B)
[0721/153639.963:WARNING:pe_image_reader.cc(340)] could not read dos header from C:\WINDOWS\System32\ucrtbase.dll
[0721/153639.963:ERROR:process_memory_win.cc(73)] ReadMemory at 0x7ffca5dc0000 of 64 bytes failed: Only part of a ReadProcessMemory or WriteProcessMemory request was completed. (0x12B)
[0721/153639.963:WARNING:pe_image_reader.cc(340)] could not read dos header from C:\WINDOWS\System32\combase.dll
[0721/153639.963:ERROR:process_memory_win.cc(73)] ReadMemory at 0x7ffca3d60000 of 64 bytes failed: Only part of a ReadProcessMemory or WriteProcessMemory request was completed. (0x12B)
[0721/153639.963:WARNING:pe_image_reader.cc(340)] could not read dos header from C:\WINDOWS\System32\WINTRUST.dll
[0721/153639.963:ERROR:process_memory_win.cc(73)] ReadMemory at 0x7ffca3480000 of 64 bytes failed: Only part of a ReadProcessMemory or WriteProcessMemory request was completed. (0x12B)
[0721/153639.963:WARNING:pe_image_reader.cc(340)] could not read dos header from C:\WINDOWS\System32\MSASN1.dll
[0721/153639.963:ERROR:process_memory_win.cc(73)] ReadMemory at 0x7ffca3520000 of 64 bytes failed: Only part of a ReadProcessMemory or WriteProcessMemory request was completed. (0x12B)
[0721/153639.963:WARNING:pe_image_reader.cc(340)] could not read dos header from C:\WINDOWS\System32\CRYPT32.dll
[0721/153639.963:ERROR:process_memory_win.cc(73)] ReadMemory at 0x7ffca2930000 of 64 bytes failed: Only part of a ReadProcessMemory or WriteProcessMemory request was completed. (0x12B)
[0721/153639.963:WARNING:pe_image_reader.cc(340)] could not read dos header from C:\WINDOWS\SYSTEM32\IPHLPAPI.DLL
[0721/153639.963:ERROR:process_memory_win.cc(73)] ReadMemory at 0x7ffc957b0000 of 64 bytes failed: Only part of a ReadProcessMemory or WriteProcessMemory request was completed. (0x12B)
[0721/153639.964:WARNING:pe_image_reader.cc(340)] could not read dos header from C:\WINDOWS\SYSTEM32\Secur32.dll
[0721/153639.964:ERROR:process_memory_win.cc(73)] ReadMemory at 0x7ffca0970000 of 64 bytes failed: Only part of a ReadProcessMemory or WriteProcessMemory request was completed. (0x12B)
[0721/153639.964:WARNING:pe_image_reader.cc(340)] could not read dos header from C:\WINDOWS\SYSTEM32\WINMM.dll
[0721/153639.964:ERROR:process_memory_win.cc(73)] ReadMemory at 0x7ffca3370000 of 64 bytes failed: Only part of a ReadProcessMemory or WriteProcessMemory request was completed. (0x12B)
[0721/153639.964:WARNING:pe_image_reader.cc(340)] could not read dos header from C:\WINDOWS\SYSTEM32\USERENV.dll
[0721/153639.964:ERROR:process_memory_win.cc(73)] ReadMemory at 0x7ffca34f0000 of 64 bytes failed: Only part of a ReadProcessMemory or WriteProcessMemory request was completed. (0x12B)
[0721/153639.964:WARNING:pe_image_reader.cc(340)] could not read dos header from C:\WINDOWS\System32\profapi.dll
[0721/153639.964:ERROR:process_memory_win.cc(73)] ReadMemory at 0x7ffc934b0000 of 64 bytes failed: Only part of a ReadProcessMemory or WriteProcessMemory request was completed. (0x12B)
[0721/153639.964:WARNING:pe_image_reader.cc(340)] could not read dos header from C:\WINDOWS\SYSTEM32\DWrite.dll
[0721/153639.964:ERROR:process_memory_win.cc(73)] ReadMemory at 0x7ffc9b090000 of 64 bytes failed: Only part of a ReadProcessMemory or WriteProcessMemory request was completed. (0x12B)
[0721/153639.964:WARNING:pe_image_reader.cc(340)] could not read dos header from C:\WINDOWS\SYSTEM32\WINSPOOL.DRV
[0721/153639.964:ERROR:process_memory_win.cc(73)] ReadMemory at 0x7ffc79500000 of 64 bytes failed: Only part of a ReadProcessMemory or WriteProcessMemory request was completed. (0x12B)
[0721/153639.964:WARNING:pe_image_reader.cc(340)] could not read dos header from C:\WINDOWS\SYSTEM32\UIAutomationCore.DLL
[0721/153639.964:ERROR:process_memory_win.cc(73)] ReadMemory at 0x7ffca3460000 of 64 bytes failed: Only part of a ReadProcessMemory or WriteProcessMemory request was completed. (0x12B)
[0721/153639.964:WARNING:pe_image_reader.cc(340)] could not read dos header from C:\WINDOWS\System32\kernel.appcore.dll
[0721/153639.964:ERROR:process_memory_win.cc(73)] ReadMemory at 0x7ffca3dc0000 of 64 bytes failed: Only part of a ReadProcessMemory or WriteProcessMemory request was completed. (0x12B)
[0721/153639.964:WARNING:pe_image_reader.cc(340)] could not read dos header from C:\WINDOWS\System32\bcrypt.dll
[0721/153639.965:ERROR:process_memory_win.cc(73)] ReadMemory at 0x7ffc9bfd0000 of 64 bytes failed: Only part of a ReadProcessMemory or WriteProcessMemory request was completed. (0x12B)
[0721/153639.965:WARNING:pe_image_reader.cc(340)] could not read dos header from C:\WINDOWS\SYSTEM32\WINHTTP.dll
[0721/153639.965:ERROR:process_memory_win.cc(73)] ReadMemory at 0x7ffca0940000 of 64 bytes failed: Only part of a ReadProcessMemory or WriteProcessMemory request was completed. (0x12B)
[0721/153639.965:WARNING:pe_image_reader.cc(340)] could not read dos header from C:\WINDOWS\SYSTEM32\WINMMBASE.dll
[0721/153639.965:ERROR:process_memory_win.cc(73)] ReadMemory at 0x7ffc9dfc0000 of 64 bytes failed: Only part of a ReadProcessMemory or WriteProcessMemory request was completed. (0x12B)
[0721/153639.965:WARNING:pe_image_reader.cc(340)] could not read dos header from C:\WINDOWS\SYSTEM32\dhcpcsvc.DLL
[0721/153639.965:ERROR:process_memory_win.cc(73)] ReadMemory at 0x7ffca3c90000 of 64 bytes failed: Only part of a ReadProcessMemory or WriteProcessMemory request was completed. (0x12B)
[0721/153639.965:WARNING:pe_image_reader.cc(340)] could not read dos header from C:\WINDOWS\System32\cfgmgr32.dll
[0721/153639.965:ERROR:process_memory_win.cc(73)] ReadMemory at 0x7ffca4920000 of 64 bytes failed: Only part of a ReadProcessMemory or WriteProcessMemory request was completed. (0x12B)
[0721/153639.965:WARNING:pe_image_reader.cc(340)] could not read dos header from C:\WINDOWS\System32\NSI.dll
[0721/153639.965:ERROR:process_memory_win.cc(73)] ReadMemory at 0x7ffc968a0000 of 64 bytes failed: Only part of a ReadProcessMemory or WriteProcessMemory request was completed. (0x12B)
[0721/153639.965:WARNING:pe_image_reader.cc(340)] could not read dos header from C:\WINDOWS\SYSTEM32\dbghelp.dll
[0721/153639.965:ERROR:process_memory_win.cc(73)] ReadMemory at 0x7ffca00b0000 of 64 bytes failed: Only part of a ReadProcessMemory or WriteProcessMemory request was completed. (0x12B)
[0721/153639.965:WARNING:pe_image_reader.cc(340)] could not read dos header from C:\WINDOWS\SYSTEM32\PROPSYS.dll
[0721/153639.965:ERROR:process_memory_win.cc(73)] ReadMemory at 0x7ffca6130000 of 64 bytes failed: Only part of a ReadProcessMemory or WriteProcessMemory request was completed. (0x12B)
[0721/153639.965:WARNING:pe_image_reader.cc(340)] could not read dos header from C:\WINDOWS\System32\shcore.dll
[0721/153639.965:ERROR:process_memory_win.cc(73)] ReadMemory at 0x7ffca3340000 of 64 bytes failed: Only part of a ReadProcessMemory or WriteProcessMemory request was completed. (0x12B)
[0721/153639.966:WARNING:pe_image_reader.cc(340)] could not read dos header from C:\WINDOWS\SYSTEM32\SSPICLI.DLL
[0721/153639.966:ERROR:process_memory_win.cc(73)] ReadMemory at 0x7ffca5380000 of 64 bytes failed: Only part of a ReadProcessMemory or WriteProcessMemory request was completed. (0x12B)
[0721/153639.966:WARNING:pe_image_reader.cc(340)] could not read dos header from C:\WINDOWS\System32\SHELL32.dll
[0721/153639.966:ERROR:process_memory_win.cc(73)] ReadMemory at 0x7ffca3e90000 of 64 bytes failed: Only part of a ReadProcessMemory or WriteProcessMemory request was completed. (0x12B)
[0721/153639.966:WARNING:pe_image_reader.cc(340)] could not read dos header from C:\WINDOWS\System32\windows.storage.dll
[0721/153639.966:ERROR:process_memory_win.cc(73)] ReadMemory at 0x7ffca34a0000 of 64 bytes failed: Only part of a ReadProcessMemory or WriteProcessMemory request was completed. (0x12B)
[0721/153639.966:WARNING:pe_image_reader.cc(340)] could not read dos header from C:\WINDOWS\System32\powrprof.dll
[0721/153639.966:ERROR:process_memory_win.cc(73)] ReadMemory at 0x7ffca3450000 of 64 bytes failed: Only part of a ReadProcessMemory or WriteProcessMemory request was completed. (0x12B)
[0721/153639.966:WARNING:pe_image_reader.cc(340)] could not read dos header from C:\WINDOWS\System32\UMPDC.dll
[0721/153639.966:ERROR:process_memory_win.cc(73)] ReadMemory at 0x7ffca6330000 of 64 bytes failed: Only part of a ReadProcessMemory or WriteProcessMemory request was completed. (0x12B)
[0721/153639.966:WARNING:pe_image_reader.cc(340)] could not read dos header from C:\WINDOWS\System32\shlwapi.dll
[0721/153639.966:ERROR:process_memory_win.cc(73)] ReadMemory at 0x7ffca6260000 of 64 bytes failed: Only part of a ReadProcessMemory or WriteProcessMemory request was completed. (0x12B)
[0721/153639.966:WARNING:pe_image_reader.cc(340)] could not read dos header from C:\WINDOWS\System32\GDI32.dll
[0721/153639.966:ERROR:process_memory_win.cc(73)] ReadMemory at 0x7ffca4620000 of 64 bytes failed: Only part of a ReadProcessMemory or WriteProcessMemory request was completed. (0x12B)
[0721/153639.966:WARNING:pe_image_reader.cc(340)] could not read dos header from C:\WINDOWS\System32\win32u.dll
[0721/153639.966:ERROR:process_memory_win.cc(73)] ReadMemory at 0x7ffca39d0000 of 64 bytes failed: Only part of a ReadProcessMemory or WriteProcessMemory request was completed. (0x12B)
[0721/153639.966:WARNING:pe_image_reader.cc(340)] could not read dos header from C:\WINDOWS\System32\gdi32full.dll
[0721/153639.966:ERROR:process_memory_win.cc(73)] ReadMemory at 0x7ffca50b0000 of 64 bytes failed: Only part of a ReadProcessMemory or WriteProcessMemory request was completed. (0x12B)
[0721/153639.966:WARNING:pe_image_reader.cc(340)] could not read dos header from C:\WINDOWS\System32\USER32.dll
[0721/153639.966:ERROR:process_memory_win.cc(73)] ReadMemory at 0x7ffca3b70000 of 64 bytes failed: Only part of a ReadProcessMemory or WriteProcessMemory request was completed. (0x12B)
[0721/153639.966:WARNING:pe_image_reader.cc(340)] could not read dos header from C:\WINDOWS\System32\cryptsp.dll
[0721/153639.966:ERROR:process_memory_win.cc(73)] ReadMemory at 0x7ffca6100000 of 64 bytes failed: Only part of a ReadProcessMemory or WriteProcessMemory request was completed. (0x12B)
[0721/153639.966:WARNING:pe_image_reader.cc(340)] could not read dos header from C:\WINDOWS\System32\IMM32.DLL
[0721/153639.966:ERROR:process_memory_win.cc(73)] ReadMemory at 0x7ffca2d90000 of 64 bytes failed: Only part of a ReadProcessMemory or WriteProcessMemory request was completed. (0x12B)
[0721/153639.966:WARNING:pe_image_reader.cc(340)] could not read dos header from C:\WINDOWS\SYSTEM32\CRYPTBASE.DLL
[0721/153639.966:ERROR:process_memory_win.cc(73)] ReadMemory at 0x7ffc9e810000 of 64 bytes failed: Only part of a ReadProcessMemory or WriteProcessMemory request was completed. (0x12B)
[0721/153639.966:WARNING:pe_image_reader.cc(340)] could not read dos header from C:\WINDOWS\SYSTEM32\dhcpcsvc6.DLL
[0721/153639.966:ERROR:process_memory_win.cc(73)] ReadMemory at 0x7ffc9fbf0000 of 64 bytes failed: Only part of a ReadProcessMemory or WriteProcessMemory request was completed. (0x12B)
[0721/153639.966:WARNING:pe_image_reader.cc(340)] could not read dos header from C:\WINDOWS\system32\NLAapi.dll
[0721/153639.966:ERROR:process_memory_win.cc(73)] ReadMemory at 0x7ffca29c0000 of 64 bytes failed: Only part of a ReadProcessMemory or WriteProcessMemory request was completed. (0x12B)
[0721/153639.966:WARNING:pe_image_reader.cc(340)] could not read dos header from C:\WINDOWS\SYSTEM32\DNSAPI.dll
[0721/153639.966:ERROR:process_memory_win.cc(73)] ReadMemory at 0x7ffca2c10000 of 64 bytes failed: Only part of a ReadProcessMemory or WriteProcessMemory request was completed. (0x12B)
[0721/153639.966:WARNING:pe_image_reader.cc(340)] could not read dos header from C:\WINDOWS\system32\mswsock.dll
[0721/153639.967:ERROR:process_memory_win.cc(73)] ReadMemory at 0x7ffc9b420000 of 64 bytes failed: Only part of a ReadProcessMemory or WriteProcessMemory request was completed. (0x12B)
[0721/153639.967:WARNING:pe_image_reader.cc(340)] could not read dos header from C:\Windows\System32\rasadhlp.dll
[0721/153639.967:ERROR:process_memory_win.cc(73)] ReadMemory at 0x7ffc9e100000 of 64 bytes failed: Only part of a ReadProcessMemory or WriteProcessMemory request was completed. (0x12B)
[0721/153639.967:WARNING:pe_image_reader.cc(340)] could not read dos header from C:\WINDOWS\System32\fwpuclnt.dll
[0721/153639.967:ERROR:process_memory_win.cc(73)] ReadMemory at 0x7ffca2790000 of 64 bytes failed: Only part of a ReadProcessMemory or WriteProcessMemory request was completed. (0x12B)
[0721/153639.967:WARNING:pe_image_reader.cc(340)] could not read dos header from C:\WINDOWS\system32\rsaenh.dll
[0721/153639.967:ERROR:process_memory_win.cc(73)] ReadMemory at 0x7ffca2010000 of 64 bytes failed: Only part of a ReadProcessMemory or WriteProcessMemory request was completed. (0x12B)
[0721/153639.967:WARNING:pe_image_reader.cc(340)] could not read dos header from C:\WINDOWS\SYSTEM32\gpapi.dll
[0721/153639.967:ERROR:process_memory_win.cc(73)] ReadMemory at 0x7ffc96810000 of 64 bytes failed: Only part of a ReadProcessMemory or WriteProcessMemory request was completed. (0x12B)
[0721/153639.967:WARNING:pe_image_reader.cc(340)] could not read dos header from C:\Windows\System32\cryptnet.dll
[0721/153639.967:ERROR:process_memory_win.cc(73)] ReadMemory at 0x7ff76aab0000 of 64 bytes failed: Only part of a ReadProcessMemory or WriteProcessMemory request was completed. (0x12B)
[0721/153639.967:WARNING:pe_image_reader.cc(340)] could not read dos header from C:\Program Files (x86)\Google\Chrome\Application\chrome.exe
[0721/153639.967:ERROR:process_memory_win.cc(73)] ReadMemory at 0x7ffca65a0000 of 64 bytes failed: Only part of a ReadProcessMemory or WriteProcessMemory request was completed. (0x12B)
[0721/153639.967:WARNING:pe_image_reader.cc(340)] could not read dos header from C:\WINDOWS\SYSTEM32\ntdll.dll
[0721/153639.968:ERROR:process_memory_win.cc(73)] ReadMemory at 0x7ffca5d00000 of 64 bytes failed: Only part of a ReadProcessMemory or WriteProcessMemory request was completed. (0x12B)
[0721/153639.968:WARNING:pe_image_reader.cc(340)] could not read dos header from C:\WINDOWS\System32\KERNEL32.DLL
[0721/153639.968:ERROR:process_memory_win.cc(73)] ReadMemory at 0x7ffca3720000 of 64 bytes failed: Only part of a ReadProcessMemory or WriteProcessMemory request was completed. (0x12B)
[0721/153639.968:WARNING:pe_image_reader.cc(340)] could not read dos header from C:\WINDOWS\System32\KERNELBASE.dll
[0721/153639.968:ERROR:process_memory_win.cc(73)] ReadMemory at 0x7ffc84a00000 of 64 bytes failed: Only part of a ReadProcessMemory or WriteProcessMemory request was completed. (0x12B)
[0721/153639.968:WARNING:pe_image_reader.cc(340)] could not read dos header from C:\Program Files (x86)\Google\Chrome\Application\84.0.4147.89\chrome_elf.dll
[0721/153639.968:ERROR:process_memory_win.cc(73)] ReadMemory at 0x7ffc9d690000 of 64 bytes failed: Only part of a ReadProcessMemory or WriteProcessMemory request was completed. (0x12B)
[0721/153639.968:WARNING:pe_image_reader.cc(340)] could not read dos header from C:\WINDOWS\SYSTEM32\VERSION.dll
[0721/153639.968:ERROR:process_memory_win.cc(73)] ReadMemory at 0x7ffca4ae0000 of 64 bytes failed: Only part of a ReadProcessMemory or WriteProcessMemory request was completed. (0x12B)
[0721/153639.968:WARNING:pe_image_reader.cc(340)] could not read dos header from C:\WINDOWS\System32\msvcrt.dll
[0721/153639.968:ERROR:process_memory_win.cc(73)] ReadMemory at 0x7ffca3ce0000 of 64 bytes failed: Only part of a ReadProcessMemory or WriteProcessMemory request was completed. (0x12B)
[0721/153639.968:WARNING:pe_image_reader.cc(340)] could not read dos header from C:\WINDOWS\System32\bcryptPrimitives.dll
[0721/153639.968:ERROR:process_memory_win.cc(73)] ReadMemory at 0x7ffca5b40000 of 64 bytes failed: Only part of a ReadProcessMemory or WriteProcessMemory request was completed. (0x12B)
[0721/153639.968:WARNING:pe_image_reader.cc(340)] could not read dos header from C:\WINDOWS\System32\ADVAPI32.dll
[0721/153639.968:ERROR:process_memory_win.cc(73)] ReadMemory at 0x7ffca6290000 of 64 bytes failed: Only part of a ReadProcessMemory or WriteProcessMemory request was completed. (0x12B)
[0721/153639.968:WARNING:pe_image_reader.cc(340)] could not read dos header from C:\WINDOWS\System32\sechost.dll
[0721/153639.968:ERROR:process_memory_win.cc(73)] ReadMemory at 0x7ffca4800000 of 64 bytes failed: Only part of a ReadProcessMemory or WriteProcessMemory request was completed. (0x12B)
[0721/153639.968:WARNING:pe_image_reader.cc(340)] could not read dos header from C:\WINDOWS\System32\RPCRT4.dll
[0721/153639.969:ERROR:process_memory_win.cc(73)] ReadMemory at 0x7ffc5aa50000 of 64 bytes failed: Only part of a ReadProcessMemory or WriteProcessMemory request was completed. (0x12B)
[0721/153639.969:WARNING:pe_image_reader.cc(340)] could not read dos header from C:\Program Files (x86)\Google\Chrome\Application\84.0.4147.89\chrome.dll
[0721/153639.969:ERROR:process_memory_win.cc(73)] ReadMemory at 0x7ffca6390000 of 64 bytes failed: Only part of a ReadProcessMemory or WriteProcessMemory request was completed. (0x12B)
[0721/153639.969:WARNING:pe_image_reader.cc(340)] could not read dos header from C:\WINDOWS\System32\WS2_32.dll
[0721/153639.969:ERROR:process_memory_win.cc(73)] ReadMemory at 0x7ffca5a70000 of 64 bytes failed: Only part of a ReadProcessMemory or WriteProcessMemory request was completed. (0x12B)
[0721/153639.969:WARNING:pe_image_reader.cc(340)] could not read dos header from C:\WINDOWS\System32\OLEAUT32.dll
[0721/153639.969:ERROR:process_memory_win.cc(73)] ReadMemory at 0x7ffca3df0000 of 64 bytes failed: Only part of a ReadProcessMemory or WriteProcessMemory request was completed. (0x12B)
[0721/153639.969:WARNING:pe_image_reader.cc(340)] could not read dos header from C:\WINDOWS\System32\msvcp_win.dll
[0721/153639.969:ERROR:process_memory_win.cc(73)] ReadMemory at 0x7ffca3b90000 of 64 bytes failed: Only part of a ReadProcessMemory or WriteProcessMemory request was completed. (0x12B)
[0721/153639.969:WARNING:pe_image_reader.cc(340)] could not read dos header from C:\WINDOWS\System32\ucrtbase.dll
[0721/153639.969:ERROR:process_memory_win.cc(73)] ReadMemory at 0x7ffca5dc0000 of 64 bytes failed: Only part of a ReadProcessMemory or WriteProcessMemory request was completed. (0x12B)
[0721/153639.969:WARNING:pe_image_reader.cc(340)] could not read dos header from C:\WINDOWS\System32\combase.dll
[0721/153639.969:ERROR:process_memory_win.cc(73)] ReadMemory at 0x7ffca3d60000 of 64 bytes failed: Only part of a ReadProcessMemory or WriteProcessMemory request was completed. (0x12B)
[0721/153639.969:WARNING:pe_image_reader.cc(340)] could not read dos header from C:\WINDOWS\System32\WINTRUST.dll
[0721/153639.969:ERROR:process_memory_win.cc(73)] ReadMemory at 0x7ffca3480000 of 64 bytes failed: Only part of a ReadProcessMemory or WriteProcessMemory request was completed. (0x12B)
[0721/153639.969:WARNING:pe_image_reader.cc(340)] could not read dos header from C:\WINDOWS\System32\MSASN1.dll
[0721/153639.970:ERROR:process_memory_win.cc(73)] ReadMemory at 0x7ffca3520000 of 64 bytes failed: Only part of a ReadProcessMemory or WriteProcessMemory request was completed. (0x12B)
[0721/153639.970:WARNING:pe_image_reader.cc(340)] could not read dos header from C:\WINDOWS\System32\CRYPT32.dll
[0721/153639.970:ERROR:process_memory_win.cc(73)] ReadMemory at 0x7ffca2930000 of 64 bytes failed: Only part of a ReadProcessMemory or WriteProcessMemory request was completed. (0x12B)
[0721/153639.970:WARNING:pe_image_reader.cc(340)] could not read dos header from C:\WINDOWS\SYSTEM32\IPHLPAPI.DLL
[0721/153639.970:ERROR:process_memory_win.cc(73)] ReadMemory at 0x7ffc957b0000 of 64 bytes failed: Only part of a ReadProcessMemory or WriteProcessMemory request was completed. (0x12B)
[0721/153639.970:WARNING:pe_image_reader.cc(340)] could not read dos header from C:\WINDOWS\SYSTEM32\Secur32.dll
[0721/153639.970:ERROR:process_memory_win.cc(73)] ReadMemory at 0x7ffca0970000 of 64 bytes failed: Only part of a ReadProcessMemory or WriteProcessMemory request was completed. (0x12B)
[0721/153639.970:WARNING:pe_image_reader.cc(340)] could not read dos header from C:\WINDOWS\SYSTEM32\WINMM.dll
[0721/153639.970:ERROR:process_memory_win.cc(73)] ReadMemory at 0x7ffca3370000 of 64 bytes failed: Only part of a ReadProcessMemory or WriteProcessMemory request was completed. (0x12B)
[0721/153639.970:WARNING:pe_image_reader.cc(340)] could not read dos header from C:\WINDOWS\SYSTEM32\USERENV.dll
[0721/153639.970:ERROR:process_memory_win.cc(73)] ReadMemory at 0x7ffca34f0000 of 64 bytes failed: Only part of a ReadProcessMemory or WriteProcessMemory request was completed. (0x12B)
[0721/153639.970:WARNING:pe_image_reader.cc(340)] could not read dos header from C:\WINDOWS\System32\profapi.dll
[0721/153639.970:ERROR:process_memory_win.cc(73)] ReadMemory at 0x7ffc934b0000 of 64 bytes failed: Only part of a ReadProcessMemory or WriteProcessMemory request was completed. (0x12B)
[0721/153639.970:WARNING:pe_image_reader.cc(340)] could not read dos header from C:\WINDOWS\SYSTEM32\DWrite.dll
[0721/153639.970:ERROR:process_memory_win.cc(73)] ReadMemory at 0x7ffc9b090000 of 64 bytes failed: Only part of a ReadProcessMemory or WriteProcessMemory request was completed. (0x12B)
[0721/153639.970:WARNING:pe_image_reader.cc(340)] could not read dos header from C:\WINDOWS\SYSTEM32\WINSPOOL.DRV
[0721/153639.970:ERROR:process_memory_win.cc(73)] ReadMemory at 0x7ffc79500000 of 64 bytes failed: Only part of a ReadProcessMemory or WriteProcessMemory request was completed. (0x12B)
[0721/153639.970:WARNING:pe_image_reader.cc(340)] could not read dos header from C:\WINDOWS\SYSTEM32\UIAutomationCore.DLL
[0721/153639.972:ERROR:process_memory_win.cc(73)] ReadMemory at 0x7ffca3460000 of 64 bytes failed: Only part of a ReadProcessMemory or WriteProcessMemory request was completed. (0x12B)
[0721/153639.972:WARNING:pe_image_reader.cc(340)] could not read dos header from C:\WINDOWS\System32\kernel.appcore.dll
[0721/153639.972:ERROR:process_memory_win.cc(73)] ReadMemory at 0x7ffca3dc0000 of 64 bytes failed: Only part of a ReadProcessMemory or WriteProcessMemory request was completed. (0x12B)
[0721/153639.972:WARNING:pe_image_reader.cc(340)] could not read dos header from C:\WINDOWS\System32\bcrypt.dll
[0721/153639.972:ERROR:process_memory_win.cc(73)] ReadMemory at 0x7ffc9bfd0000 of 64 bytes failed: Only part of a ReadProcessMemory or WriteProcessMemory request was completed. (0x12B)
[0721/153639.972:WARNING:pe_image_reader.cc(340)] could not read dos header from C:\WINDOWS\SYSTEM32\WINHTTP.dll
[0721/153639.972:ERROR:process_memory_win.cc(73)] ReadMemory at 0x7ffca0940000 of 64 bytes failed: Only part of a ReadProcessMemory or WriteProcessMemory request was completed. (0x12B)
[0721/153639.972:WARNING:pe_image_reader.cc(340)] could not read dos header from C:\WINDOWS\SYSTEM32\WINMMBASE.dll
[0721/153639.972:ERROR:process_memory_win.cc(73)] ReadMemory at 0x7ffc9dfc0000 of 64 bytes failed: Only part of a ReadProcessMemory or WriteProcessMemory request was completed. (0x12B)
[0721/153639.972:WARNING:pe_image_reader.cc(340)] could not read dos header from C:\WINDOWS\SYSTEM32\dhcpcsvc.DLL
[0721/153639.972:ERROR:process_memory_win.cc(73)] ReadMemory at 0x7ffca3c90000 of 64 bytes failed: Only part of a ReadProcessMemory or WriteProcessMemory request was completed. (0x12B)
[0721/153639.972:WARNING:pe_image_reader.cc(340)] could not read dos header from C:\WINDOWS\System32\cfgmgr32.dll
[0721/153639.972:ERROR:process_memory_win.cc(73)] ReadMemory at 0x7ffca4920000 of 64 bytes failed: Only part of a ReadProcessMemory or WriteProcessMemory request was completed. (0x12B)
[0721/153639.972:WARNING:pe_image_reader.cc(340)] could not read dos header from C:\WINDOWS\System32\NSI.dll
[0721/153639.972:ERROR:process_memory_win.cc(73)] ReadMemory at 0x7ffc968a0000 of 64 bytes failed: Only part of a ReadProcessMemory or WriteProcessMemory request was completed. (0x12B)
[0721/153639.972:WARNING:pe_image_reader.cc(340)] could not read dos header from C:\WINDOWS\SYSTEM32\dbghelp.dll
[0721/153639.972:ERROR:process_memory_win.cc(73)] ReadMemory at 0x7ffca00b0000 of 64 bytes failed: Only part of a ReadProcessMemory or WriteProcessMemory request was completed. (0x12B)
[0721/153639.972:WARNING:pe_image_reader.cc(340)] could not read dos header from C:\WINDOWS\SYSTEM32\PROPSYS.dll
[0721/153639.972:ERROR:process_memory_win.cc(73)] ReadMemory at 0x7ffca6130000 of 64 bytes failed: Only part of a ReadProcessMemory or WriteProcessMemory request was completed. (0x12B)
[0721/153639.972:WARNING:pe_image_reader.cc(340)] could not read dos header from C:\WINDOWS\System32\shcore.dll
[0721/153639.972:ERROR:process_memory_win.cc(73)] ReadMemory at 0x7ffca3340000 of 64 bytes failed: Only part of a ReadProcessMemory or WriteProcessMemory request was completed. (0x12B)
[0721/153639.972:WARNING:pe_image_reader.cc(340)] could not read dos header from C:\WINDOWS\SYSTEM32\SSPICLI.DLL
[0721/153639.972:ERROR:process_memory_win.cc(73)] ReadMemory at 0x7ffca5380000 of 64 bytes failed: Only part of a ReadProcessMemory or WriteProcessMemory request was completed. (0x12B)
[0721/153639.972:WARNING:pe_image_reader.cc(340)] could not read dos header from C:\WINDOWS\System32\SHELL32.dll
[0721/153639.972:ERROR:process_memory_win.cc(73)] ReadMemory at 0x7ffca3e90000 of 64 bytes failed: Only part of a ReadProcessMemory or WriteProcessMemory request was completed. (0x12B)
[0721/153639.972:WARNING:pe_image_reader.cc(340)] could not read dos header from C:\WINDOWS\System32\windows.storage.dll
[0721/153639.972:ERROR:process_memory_win.cc(73)] ReadMemory at 0x7ffca34a0000 of 64 bytes failed: Only part of a ReadProcessMemory or WriteProcessMemory request was completed. (0x12B)
[0721/153639.972:WARNING:pe_image_reader.cc(340)] could not read dos header from C:\WINDOWS\System32\powrprof.dll
[0721/153639.972:ERROR:process_memory_win.cc(73)] ReadMemory at 0x7ffca3450000 of 64 bytes failed: Only part of a ReadProcessMemory or WriteProcessMemory request was completed. (0x12B)
[0721/153639.972:WARNING:pe_image_reader.cc(340)] could not read dos header from C:\WINDOWS\System32\UMPDC.dll
[0721/153639.972:ERROR:process_memory_win.cc(73)] ReadMemory at 0x7ffca6330000 of 64 bytes failed: Only part of a ReadProcessMemory or WriteProcessMemory request was completed. (0x12B)
[0721/153639.972:WARNING:pe_image_reader.cc(340)] could not read dos header from C:\WINDOWS\System32\shlwapi.dll
[0721/153639.973:ERROR:process_memory_win.cc(73)] ReadMemory at 0x7ffca6260000 of 64 bytes failed: Only part of a ReadProcessMemory or WriteProcessMemory request was completed. (0x12B)
[0721/153639.973:WARNING:pe_image_reader.cc(340)] could not read dos header from C:\WINDOWS\System32\GDI32.dll
[0721/153639.973:ERROR:process_memory_win.cc(73)] ReadMemory at 0x7ffca4620000 of 64 bytes failed: Only part of a ReadProcessMemory or WriteProcessMemory request was completed. (0x12B)
[0721/153639.973:WARNING:pe_image_reader.cc(340)] could not read dos header from C:\WINDOWS\System32\win32u.dll
[0721/153639.973:ERROR:process_memory_win.cc(73)] ReadMemory at 0x7ffca39d0000 of 64 bytes failed: Only part of a ReadProcessMemory or WriteProcessMemory request was completed. (0x12B)
[0721/153639.973:WARNING:pe_image_reader.cc(340)] could not read dos header from C:\WINDOWS\System32\gdi32full.dll
[0721/153639.973:ERROR:process_memory_win.cc(73)] ReadMemory at 0x7ffca50b0000 of 64 bytes failed: Only part of a ReadProcessMemory or WriteProcessMemory request was completed. (0x12B)
[0721/153639.973:WARNING:pe_image_reader.cc(340)] could not read dos header from C:\WINDOWS\System32\USER32.dll
[0721/153639.973:ERROR:process_memory_win.cc(73)] ReadMemory at 0x7ffca3b70000 of 64 bytes failed: Only part of a ReadProcessMemory or WriteProcessMemory request was completed. (0x12B)
[0721/153639.973:WARNING:pe_image_reader.cc(340)] could not read dos header from C:\WINDOWS\System32\cryptsp.dll
[0721/153639.973:ERROR:process_memory_win.cc(73)] ReadMemory at 0x7ffca6100000 of 64 bytes failed: Only part of a ReadProcessMemory or WriteProcessMemory request was completed. (0x12B)
[0721/153639.973:WARNING:pe_image_reader.cc(340)] could not read dos header from C:\WINDOWS\System32\IMM32.DLL
[0721/153639.973:ERROR:process_memory_win.cc(73)] ReadMemory at 0x7ffca2d90000 of 64 bytes failed: Only part of a ReadProcessMemory or WriteProcessMemory request was completed. (0x12B)
[0721/153639.973:WARNING:pe_image_reader.cc(340)] could not read dos header from C:\WINDOWS\SYSTEM32\CRYPTBASE.DLL
[0721/153639.973:ERROR:process_memory_win.cc(73)] ReadMemory at 0x7ffc9e810000 of 64 bytes failed: Only part of a ReadProcessMemory or WriteProcessMemory request was completed. (0x12B)
[0721/153639.973:WARNING:pe_image_reader.cc(340)] could not read dos header from C:\WINDOWS\SYSTEM32\dhcpcsvc6.DLL
[0721/153639.973:ERROR:process_memory_win.cc(73)] ReadMemory at 0x7ffc9fbf0000 of 64 bytes failed: Only part of a ReadProcessMemory or WriteProcessMemory request was completed. (0x12B)
[0721/153639.974:WARNING:pe_image_reader.cc(340)] could not read dos header from C:\WINDOWS\system32\NLAapi.dll
[0721/153639.974:ERROR:process_memory_win.cc(73)] ReadMemory at 0x7ffca29c0000 of 64 bytes failed: Only part of a ReadProcessMemory or WriteProcessMemory request was completed. (0x12B)
[0721/153639.974:WARNING:pe_image_reader.cc(340)] could not read dos header from C:\WINDOWS\SYSTEM32\DNSAPI.dll
[0721/153639.974:ERROR:process_memory_win.cc(73)] ReadMemory at 0x7ffca2c10000 of 64 bytes failed: Only part of a ReadProcessMemory or WriteProcessMemory request was completed. (0x12B)
[0721/153639.974:WARNING:pe_image_reader.cc(340)] could not read dos header from C:\WINDOWS\system32\mswsock.dll
[0721/153639.974:ERROR:process_memory_win.cc(73)] ReadMemory at 0x7ffc9b420000 of 64 bytes failed: Only part of a ReadProcessMemory or WriteProcessMemory request was completed. (0x12B)
[0721/153639.974:WARNING:pe_image_reader.cc(340)] could not read dos header from C:\Windows\System32\rasadhlp.dll
[0721/153639.974:ERROR:process_memory_win.cc(73)] ReadMemory at 0x7ffc9e100000 of 64 bytes failed: Only part of a ReadProcessMemory or WriteProcessMemory request was completed. (0x12B)
[0721/153639.974:WARNING:pe_image_reader.cc(340)] could not read dos header from C:\WINDOWS\System32\fwpuclnt.dll
[0721/153639.974:ERROR:process_memory_win.cc(73)] ReadMemory at 0x7ffca2790000 of 64 bytes failed: Only part of a ReadProcessMemory or WriteProcessMemory request was completed. (0x12B)
[0721/153639.974:WARNING:pe_image_reader.cc(340)] could not read dos header from C:\WINDOWS\system32\rsaenh.dll
[0721/153639.974:ERROR:process_memory_win.cc(73)] ReadMemory at 0x7ffca2010000 of 64 bytes failed: Only part of a ReadProcessMemory or WriteProcessMemory request was completed. (0x12B)
[0721/153639.974:WARNING:pe_image_reader.cc(340)] could not read dos header from C:\WINDOWS\SYSTEM32\gpapi.dll
[0721/153639.974:ERROR:process_memory_win.cc(73)] ReadMemory at 0x7ffc96810000 of 64 bytes failed: Only part of a ReadProcessMemory or WriteProcessMemory request was completed. (0x12B)
[0721/153639.974:WARNING:pe_image_reader.cc(340)] could not read dos header from C:\Windows\System32\cryptnet.dll
[0721/153640.010:ERROR:process_memory_win.cc(73)] ReadMemory at 0x9d583fa000 of 24576 bytes failed: Only part of a ReadProcessMemory or WriteProcessMemory request was completed. (0x12B)
[0721/153640.010:ERROR:process_memory_win.cc(73)] ReadMemory at 0x9d58bfe000 of 8192 bytes failed: Only part of a ReadProcessMemory or WriteProcessMemory request was completed. (0x12B)
[0721/153640.011:ERROR:process_memory_win.cc(73)] ReadMemory at 0x9d593fd000 of 12288 bytes failed: Only part of a ReadProcessMemory or WriteProcessMemory request was completed. (0x12B)
[0721/153640.011:ERROR:process_memory_win.cc(73)] ReadMemory at 0x9d59bfe000 of 8192 bytes failed: Only part of a ReadProcessMemory or WriteProcessMemory request was completed. (0x12B)
[0721/153640.011:ERROR:process_memory_win.cc(73)] ReadMemory at 0x9d5a3fe000 of 8192 bytes failed: Only part of a ReadProcessMemory or WriteProcessMemory request was completed. (0x12B)
[0721/153640.011:ERROR:process_memory_win.cc(73)] ReadMemory at 0x9d5abfd000 of 12288 bytes failed: Only part of a ReadProcessMemory or WriteProcessMemory request was completed. (0x12B)
[0721/153640.011:ERROR:process_memory_win.cc(73)] ReadMemory at 0x9d5b3fa000 of 24576 bytes failed: Only part of a ReadProcessMemory or WriteProcessMemory request was completed. (0x12B)
[0721/153640.011:ERROR:process_memory_win.cc(73)] ReadMemory at 0x9d5bbfd000 of 12288 bytes failed: Only part of a ReadProcessMemory or WriteProcessMemory request was completed. (0x12B)
[0721/153640.012:ERROR:process_memory_win.cc(73)] ReadMemory at 0x9d5c3f8000 of 32768 bytes failed: Only part of a ReadProcessMemory or WriteProcessMemory request was completed. (0x12B)
[0721/153640.012:ERROR:process_memory_win.cc(73)] ReadMemory at 0x9d5cbfe000 of 8192 bytes failed: Only part of a ReadProcessMemory or WriteProcessMemory request was completed. (0x12B)
[0721/153640.012:ERROR:process_memory_win.cc(73)] ReadMemory at 0x9d5d3fa000 of 24576 bytes failed: Only part of a ReadProcessMemory or WriteProcessMemory request was completed. (0x12B)
[0721/153640.012:ERROR:process_memory_win.cc(73)] ReadMemory at 0x9d5dbfa000 of 24576 bytes failed: Only part of a ReadProcessMemory or WriteProcessMemory request was completed. (0x12B)
[0721/153640.012:ERROR:process_memory_win.cc(73)] ReadMemory at 0x9d5ebfe000 of 8192 bytes failed: Only part of a ReadProcessMemory or WriteProcessMemory request was completed. (0x12B)
[0721/153640.012:ERROR:process_memory_win.cc(73)] ReadMemory at 0x9d5f3ff000 of 4096 bytes failed: Only part of a ReadProcessMemory or WriteProcessMemory request was completed. (0x12B)
[0721/153640.013:ERROR:process_memory_win.cc(73)] ReadMemory at 0x9d57b20000 of 852 bytes failed: Only part of a ReadProcessMemory or WriteProcessMemory request was completed. (0x12B)
[0721/153640.013:ERROR:process_memory_win.cc(73)] ReadMemory at 0x9d57b21000 of 6024 bytes failed: Only part of a ReadProcessMemory or WriteProcessMemory request was completed. (0x12B)
[0721/153640.013:ERROR:process_memory_win.cc(73)] ReadMemory at 0x9d57b23000 of 6024 bytes failed: Only part of a ReadProcessMemory or WriteProcessMemory request was completed. (0x12B)
[0721/153640.013:ERROR:process_memory_win.cc(73)] ReadMemory at 0x9d57b25000 of 6024 bytes failed: Only part of a ReadProcessMemory or WriteProcessMemory request was completed. (0x12B)
[0721/153640.013:ERROR:process_memory_win.cc(73)] ReadMemory at 0x9d57b27000 of 6024 bytes failed: Only part of a ReadProcessMemory or WriteProcessMemory request was completed. (0x12B)
[0721/153640.013:ERROR:process_memory_win.cc(73)] ReadMemory at 0x9d57b29000 of 6024 bytes failed: Only part of a ReadProcessMemory or WriteProcessMemory request was completed. (0x12B)
[0721/153640.014:ERROR:process_memory_win.cc(73)] ReadMemory at 0x9d57b2b000 of 6024 bytes failed: Only part of a ReadProcessMemory or WriteProcessMemory request was completed. (0x12B)
[0721/153640.014:ERROR:process_memory_win.cc(73)] ReadMemory at 0x9d57b2d000 of 6024 bytes failed: Only part of a ReadProcessMemory or WriteProcessMemory request was completed. (0x12B)
[0721/153640.014:ERROR:process_memory_win.cc(73)] ReadMemory at 0x9d57b2f000 of 6024 bytes failed: Only part of a ReadProcessMemory or WriteProcessMemory request was completed. (0x12B)
[0721/153640.014:ERROR:process_memory_win.cc(73)] ReadMemory at 0x9d57b31000 of 6024 bytes failed: Only part of a ReadProcessMemory or WriteProcessMemory request was completed. (0x12B)
[0721/153640.014:ERROR:process_memory_win.cc(73)] ReadMemory at 0x9d57b33000 of 6024 bytes failed: Only part of a ReadProcessMemory or WriteProcessMemory request was completed. (0x12B)
[0721/153640.014:ERROR:process_memory_win.cc(73)] ReadMemory at 0x9d57b35000 of 6024 bytes failed: Only part of a ReadProcessMemory or WriteProcessMemory request was completed. (0x12B)
[0721/153640.014:ERROR:process_memory_win.cc(73)] ReadMemory at 0x9d57b37000 of 6024 bytes failed: Only part of a ReadProcessMemory or WriteProcessMemory request was completed. (0x12B)
[0721/153640.015:ERROR:process_memory_win.cc(73)] ReadMemory at 0x9d57b3b000 of 6024 bytes failed: Only part of a ReadProcessMemory or WriteProcessMemory request was completed. (0x12B)
[0721/153640.015:ERROR:process_memory_win.cc(73)] ReadMemory at 0x9d57b3d000 of 6024 bytes failed: Only part of a ReadProcessMemory or WriteProcessMemory request was completed. (0x12B)
[0721/153640.015:ERROR:process_memory_win.cc(73)] ReadMemory at 0x1d7b67325c0 of 512 bytes failed: Only part of a ReadProcessMemory or WriteProcessMemory request was completed. (0x12B)
[0721/153640.015:ERROR:process_memory_win.cc(73)] ReadMemory at 0x1d7b6750000 of 384 bytes failed: Only part of a ReadProcessMemory or WriteProcessMemory request was completed. (0x12B)
[0721/153640.015:ERROR:process_memory_win.cc(73)] ReadMemory at 0x1d7b6750ad0 of 512 bytes failed: Only part of a ReadProcessMemory or WriteProcessMemory request was completed. (0x12B)
[0721/153640.015:ERROR:process_memory_win.cc(73)] ReadMemory at 0x1d7b6750fe0 of 65536 bytes failed: Only part of a ReadProcessMemory or WriteProcessMemory request was completed. (0x12B)
[0721/153640.015:ERROR:process_memory_win.cc(73)] ReadMemory at 0x1d7b6763e70 of 1012 bytes failed: Only part of a ReadProcessMemory or WriteProcessMemory request was completed. (0x12B)
[0721/153640.015:ERROR:process_memory_win.cc(73)] ReadMemory at 0x1d7b67644b8 of 118 bytes failed: Only part of a ReadProcessMemory or WriteProcessMemory request was completed. (0x12B)
[0721/153640.015:ERROR:process_memory_win.cc(73)] ReadMemory at 0x1d7b6764530 of 922 bytes failed: Only part of a ReadProcessMemory or WriteProcessMemory request was completed. (0x12B)
[0721/153640.015:ERROR:process_memory_win.cc(73)] ReadMemory at 0x1d7b67648cc of 118 bytes failed: Only part of a ReadProcessMemory or WriteProcessMemory request was completed. (0x12B)
[0721/153640.016:ERROR:process_memory_win.cc(73)] ReadMemory at 0x1d7b6764944 of 30 bytes failed: Only part of a ReadProcessMemory or WriteProcessMemory request was completed. (0x12B)
[0721/153640.016:ERROR:process_memory_win.cc(73)] ReadMemory at 0x1d7b6764970 of 58 bytes failed: Only part of a ReadProcessMemory or WriteProcessMemory request was completed. (0x12B)
[0721/153640.016:ERROR:process_memory_win.cc(73)] ReadMemory at 0x1d7b6764a70 of 132 bytes failed: Only part of a ReadProcessMemory or WriteProcessMemory request was completed. (0x12B)
[0721/153640.016:ERROR:process_memory_win.cc(73)] ReadMemory at 0x1d7b6764c00 of 132 bytes failed: Only part of a ReadProcessMemory or WriteProcessMemory request was completed. (0x12B)
[0721/153640.016:ERROR:process_memory_win.cc(73)] ReadMemory at 0x1d7b6764dc0 of 124 bytes failed: Only part of a ReadProcessMemory or WriteProcessMemory request was completed. (0x12B)
[0721/153640.016:ERROR:process_memory_win.cc(73)] ReadMemory at 0x1d7b67651a0 of 132 bytes failed: Only part of a ReadProcessMemory or WriteProcessMemory request was completed. (0x12B)
[0721/153640.016:ERROR:process_memory_win.cc(73)] ReadMemory at 0x1d7b6765300 of 512 bytes failed: Only part of a ReadProcessMemory or WriteProcessMemory request was completed. (0x12B)
[0721/153640.016:ERROR:process_memory_win.cc(73)] ReadMemory at 0x1d7b6765638 of 512 bytes failed: Only part of a ReadProcessMemory or WriteProcessMemory request was completed. (0x12B)
[0721/153640.017:ERROR:process_memory_win.cc(73)] ReadMemory at 0x1d7b6765920 of 68 bytes failed: Only part of a ReadProcessMemory or WriteProcessMemory request was completed. (0x12B)
[0721/153640.017:ERROR:process_memory_win.cc(73)] ReadMemory at 0x1d7b6766b80 of 132 bytes failed: Only part of a ReadProcessMemory or WriteProcessMemory request was completed. (0x12B)
[0721/153640.017:ERROR:process_memory_win.cc(73)] ReadMemory at 0x1d7b6766d90 of 132 bytes failed: Only part of a ReadProcessMemory or WriteProcessMemory request was completed. (0x12B)
[0721/153640.017:ERROR:process_memory_win.cc(73)] ReadMemory at 0x1d7b6766f20 of 152 bytes failed: Only part of a ReadProcessMemory or WriteProcessMemory request was completed. (0x12B)
[0721/153640.017:ERROR:process_memory_win.cc(73)] ReadMemory at 0x1d7b6766fe0 of 512 bytes failed: Only part of a ReadProcessMemory or WriteProcessMemory request was completed. (0x12B)
[0721/153640.017:ERROR:process_memory_win.cc(73)] ReadMemory at 0x1d7b6767360 of 688 bytes failed: Only part of a ReadProcessMemory or WriteProcessMemory request was completed. (0x12B)
[0721/153640.017:ERROR:process_memory_win.cc(73)] ReadMemory at 0x1d7b6767790 of 512 bytes failed: Only part of a ReadProcessMemory or WriteProcessMemory request was completed. (0x12B)
[0721/153640.017:ERROR:process_memory_win.cc(73)] ReadMemory at 0x1d7b6768e50 of 132 bytes failed: Only part of a ReadProcessMemory or WriteProcessMemory request was completed. (0x12B)
[0721/153640.018:ERROR:process_memory_win.cc(73)] ReadMemory at 0x1d7b6768fe0 of 60 bytes failed: Only part of a ReadProcessMemory or WriteProcessMemory request was completed. (0x12B)
[0721/153640.018:ERROR:process_memory_win.cc(73)] ReadMemory at 0x1d7b67865e0 of 76 bytes failed: Only part of a ReadProcessMemory or WriteProcessMemory request was completed. (0x12B)
[0721/153640.018:ERROR:process_memory_win.cc(73)] ReadMemory at 0x1d7b67867c0 of 80 bytes failed: Only part of a ReadProcessMemory or WriteProcessMemory request was completed. (0x12B)
[0721/153640.018:ERROR:process_memory_win.cc(73)] ReadMemory at 0x1d7b67877b0 of 132 bytes failed: Only part of a ReadProcessMemory or WriteProcessMemory request was completed. (0x12B)
[0721/153640.018:ERROR:process_memory_win.cc(73)] ReadMemory at 0x1d7b678b9f0 of 62 bytes failed: Only part of a ReadProcessMemory or WriteProcessMemory request was completed. (0x12B)
[0721/153640.018:ERROR:process_memory_win.cc(73)] ReadMemory at 0x1d7b678d530 of 54 bytes failed: Only part of a ReadProcessMemory or WriteProcessMemory request was completed. (0x12B)
[0721/153640.018:ERROR:process_memory_win.cc(73)] ReadMemory at 0x1d7b678db9a of 512 bytes failed: Only part of a ReadProcessMemory or WriteProcessMemory request was completed. (0x12B)
[0721/153640.018:ERROR:process_memory_win.cc(73)] ReadMemory at 0x1d7b6790e20 of 132 bytes failed: Only part of a ReadProcessMemory or WriteProcessMemory request was completed. (0x12B)
[0721/153640.019:ERROR:process_memory_win.cc(73)] ReadMemory at 0x1d7b6792600 of 512 bytes failed: Only part of a ReadProcessMemory or WriteProcessMemory request was completed. (0x12B)
[0721/153640.019:ERROR:process_memory_win.cc(73)] ReadMemory at 0x1d7b67934c0 of 80 bytes failed: Only part of a ReadProcessMemory or WriteProcessMemory request was completed. (0x12B)
[0721/153640.019:ERROR:process_memory_win.cc(73)] ReadMemory at 0x1d7b67959a0 of 132 bytes failed: Only part of a ReadProcessMemory or WriteProcessMemory request was completed. (0x12B)
[0721/153640.019:ERROR:process_memory_win.cc(73)] ReadMemory at 0x1d7b6795ad0 of 132 bytes failed: Only part of a ReadProcessMemory or WriteProcessMemory request was completed. (0x12B)
[0721/153640.019:ERROR:process_memory_win.cc(73)] ReadMemory at 0x1d7b6795c00 of 132 bytes failed: Only part of a ReadProcessMemory or WriteProcessMemory request was completed. (0x12B)
[0721/153640.019:ERROR:process_memory_win.cc(73)] ReadMemory at 0x1d7b6795d30 of 132 bytes failed: Only part of a ReadProcessMemory or WriteProcessMemory request was completed. (0x12B)
[0721/153640.019:ERROR:process_memory_win.cc(73)] ReadMemory at 0x1d7b6795e60 of 132 bytes failed: Only part of a ReadProcessMemory or WriteProcessMemory request was completed. (0x12B)
[0721/153640.019:ERROR:process_memory_win.cc(73)] ReadMemory at 0x1d7b6795f90 of 132 bytes failed: Only part of a ReadProcessMemory or WriteProcessMemory request was completed. (0x12B)
[0721/153640.020:ERROR:process_memory_win.cc(73)] ReadMemory at 0x1d7b67960c0 of 132 bytes failed: Only part of a ReadProcessMemory or WriteProcessMemory request was completed. (0x12B)
[0721/153640.020:ERROR:process_memory_win.cc(73)] ReadMemory at 0x1d7b67961f0 of 132 bytes failed: Only part of a ReadProcessMemory or WriteProcessMemory request was completed. (0x12B)
[0721/153640.020:ERROR:process_memory_win.cc(73)] ReadMemory at 0x1d7b6796320 of 132 bytes failed: Only part of a ReadProcessMemory or WriteProcessMemory request was completed. (0x12B)
[0721/153640.020:ERROR:process_memory_win.cc(73)] ReadMemory at 0x1d7b6796450 of 132 bytes failed: Only part of a ReadProcessMemory or WriteProcessMemory request was completed. (0x12B)
[0721/153640.020:ERROR:process_memory_win.cc(73)] ReadMemory at 0x1d7b6796580 of 132 bytes failed: Only part of a ReadProcessMemory or WriteProcessMemory request was completed. (0x12B)
[0721/153640.020:ERROR:process_memory_win.cc(73)] ReadMemory at 0x1d7b67967e0 of 132 bytes failed: Only part of a ReadProcessMemory or WriteProcessMemory request was completed. (0x12B)
[0721/153640.020:ERROR:process_memory_win.cc(73)] ReadMemory at 0x1d7b6797ba0 of 132 bytes failed: Only part of a ReadProcessMemory or WriteProcessMemory request was completed. (0x12B)
[0721/153640.020:ERROR:process_memory_win.cc(73)] ReadMemory at 0x1d7b6797e00 of 132 bytes failed: Only part of a ReadProcessMemory or WriteProcessMemory request was completed. (0x12B)
[0721/153640.021:ERROR:process_memory_win.cc(73)] ReadMemory at 0x1d7b6798060 of 132 bytes failed: Only part of a ReadProcessMemory or WriteProcessMemory request was completed. (0x12B)
[0721/153640.021:ERROR:process_memory_win.cc(73)] ReadMemory at 0x1d7b6798190 of 132 bytes failed: Only part of a ReadProcessMemory or WriteProcessMemory request was completed. (0x12B)
[0721/153640.021:ERROR:process_memory_win.cc(73)] ReadMemory at 0x1d7b67982c0 of 132 bytes failed: Only part of a ReadProcessMemory or WriteProcessMemory request was completed. (0x12B)
[0721/153640.021:ERROR:process_memory_win.cc(73)] ReadMemory at 0x1d7b67983f0 of 132 bytes failed: Only part of a ReadProcessMemory or WriteProcessMemory request was completed. (0x12B)
[0721/153640.021:ERROR:process_memory_win.cc(73)] ReadMemory at 0x1d7b6798520 of 132 bytes failed: Only part of a ReadProcessMemory or WriteProcessMemory request was completed. (0x12B)
[0721/153640.021:ERROR:process_memory_win.cc(73)] ReadMemory at 0x1d7b6798650 of 132 bytes failed: Only part of a ReadProcessMemory or WriteProcessMemory request was completed. (0x12B)
[0721/153640.021:ERROR:process_memory_win.cc(73)] ReadMemory at 0x1d7b6798780 of 132 bytes failed: Only part of a ReadProcessMemory or WriteProcessMemory request was completed. (0x12B)
[0721/153640.021:ERROR:process_memory_win.cc(73)] ReadMemory at 0x1d7b67988b0 of 132 bytes failed: Only part of a ReadProcessMemory or WriteProcessMemory request was completed. (0x12B)
[0721/153640.021:ERROR:process_memory_win.cc(73)] ReadMemory at 0x1d7b67989e0 of 132 bytes failed: Only part of a ReadProcessMemory or WriteProcessMemory request was completed. (0x12B)
[0721/153640.022:ERROR:process_memory_win.cc(73)] ReadMemory at 0x1d7b6798b10 of 132 bytes failed: Only part of a ReadProcessMemory or WriteProcessMemory request was completed. (0x12B)
[0721/153640.022:ERROR:process_memory_win.cc(73)] ReadMemory at 0x1d7b6798c40 of 132 bytes failed: Only part of a ReadProcessMemory or WriteProcessMemory request was completed. (0x12B)
[0721/153640.022:ERROR:process_memory_win.cc(73)] ReadMemory at 0x1d7b6798d70 of 132 bytes failed: Only part of a ReadProcessMemory or WriteProcessMemory request was completed. (0x12B)
[0721/153640.022:ERROR:process_memory_win.cc(73)] ReadMemory at 0x1d7b6798ea0 of 132 bytes failed: Only part of a ReadProcessMemory or WriteProcessMemory request was completed. (0x12B)
[0721/153640.022:ERROR:process_memory_win.cc(73)] ReadMemory at 0x1d7b6798fd0 of 132 bytes failed: Only part of a ReadProcessMemory or WriteProcessMemory request was completed. (0x12B)
[0721/153640.022:ERROR:process_memory_win.cc(73)] ReadMemory at 0x1d7b6799230 of 132 bytes failed: Only part of a ReadProcessMemory or WriteProcessMemory request was completed. (0x12B)
[0721/153640.022:ERROR:process_memory_win.cc(73)] ReadMemory at 0x1d7b6799360 of 132 bytes failed: Only part of a ReadProcessMemory or WriteProcessMemory request was completed. (0x12B)
[0721/153640.022:ERROR:process_memory_win.cc(73)] ReadMemory at 0x1d7b6799490 of 132 bytes failed: Only part of a ReadProcessMemory or WriteProcessMemory request was completed. (0x12B)
[0721/153640.022:ERROR:process_memory_win.cc(73)] ReadMemory at 0x1d7b67995c0 of 132 bytes failed: Only part of a ReadProcessMemory or WriteProcessMemory request was completed. (0x12B)
[0721/153640.023:ERROR:process_memory_win.cc(73)] ReadMemory at 0x1d7b67996f0 of 132 bytes failed: Only part of a ReadProcessMemory or WriteProcessMemory request was completed. (0x12B)
[0721/153640.023:ERROR:process_memory_win.cc(73)] ReadMemory at 0x1d7b6799820 of 132 bytes failed: Only part of a ReadProcessMemory or WriteProcessMemory request was completed. (0x12B)
[0721/153640.023:ERROR:process_memory_win.cc(73)] ReadMemory at 0x1d7b679b590 of 512 bytes failed: Only part of a ReadProcessMemory or WriteProcessMemory request was completed. (0x12B)
[0721/153640.023:ERROR:process_memory_win.cc(73)] ReadMemory at 0x1d7b679b910 of 512 bytes failed: Only part of a ReadProcessMemory or WriteProcessMemory request was completed. (0x12B)
[0721/153640.023:ERROR:process_memory_win.cc(73)] ReadMemory at 0x1d7b679d8e0 of 132 bytes failed: Only part of a ReadProcessMemory or WriteProcessMemory request was completed. (0x12B)
[0721/153640.023:ERROR:process_memory_win.cc(73)] ReadMemory at 0x1d7b679db00 of 132 bytes failed: Only part of a ReadProcessMemory or WriteProcessMemory request was completed. (0x12B)
[0721/153640.023:ERROR:process_memory_win.cc(73)] ReadMemory at 0x1d7b679de60 of 132 bytes failed: Only part of a ReadProcessMemory or WriteProcessMemory request was completed. (0x12B)
[0721/153640.023:ERROR:process_memory_win.cc(73)] ReadMemory at 0x1d7b679e070 of 132 bytes failed: Only part of a ReadProcessMemory or WriteProcessMemory request was completed. (0x12B)
[0721/153640.023:ERROR:process_memory_win.cc(73)] ReadMemory at 0x1d7b679e4c0 of 144 bytes failed: Only part of a ReadProcessMemory or WriteProcessMemory request was completed. (0x12B)
[0721/153640.024:ERROR:process_memory_win.cc(73)] ReadMemory at 0x1d7b679e5a0 of 132 bytes failed: Only part of a ReadProcessMemory or WriteProcessMemory request was completed. (0x12B)
[0721/153640.024:ERROR:process_memory_win.cc(73)] ReadMemory at 0x1d7b679ed80 of 132 bytes failed: Only part of a ReadProcessMemory or WriteProcessMemory request was completed. (0x12B)
[0721/153640.024:ERROR:process_memory_win.cc(73)] ReadMemory at 0x1d7b679ef80 of 62 bytes failed: Only part of a ReadProcessMemory or WriteProcessMemory request was completed. (0x12B)
[0721/153640.024:ERROR:process_memory_win.cc(73)] ReadMemory at 0x1d7b679efd0 of 60 bytes failed: Only part of a ReadProcessMemory or WriteProcessMemory request was completed. (0x12B)
[0721/153640.024:ERROR:process_memory_win.cc(73)] ReadMemory at 0x1d7b679f070 of 60 bytes failed: Only part of a ReadProcessMemory or WriteProcessMemory request was completed. (0x12B)
[0721/153640.024:ERROR:process_memory_win.cc(73)] ReadMemory at 0x1d7b679f110 of 60 bytes failed: Only part of a ReadProcessMemory or WriteProcessMemory request was completed. (0x12B)
[0721/153640.024:ERROR:process_memory_win.cc(73)] ReadMemory at 0x1d7b679f1b0 of 58 bytes failed: Only part of a ReadProcessMemory or WriteProcessMemory request was completed. (0x12B)
[0721/153640.024:ERROR:process_memory_win.cc(73)] ReadMemory at 0x1d7b679f250 of 64 bytes failed: Only part of a ReadProcessMemory or WriteProcessMemory request was completed. (0x12B)
[0721/153640.025:ERROR:process_memory_win.cc(73)] ReadMemory at 0x1d7b679f2a0 of 62 bytes failed: Only part of a ReadProcessMemory or WriteProcessMemory request was completed. (0x12B)
[0721/153640.025:ERROR:process_memory_win.cc(73)] ReadMemory at 0x1d7b679f2f0 of 60 bytes failed: Only part of a ReadProcessMemory or WriteProcessMemory request was completed. (0x12B)
[0721/153640.025:ERROR:process_memory_win.cc(73)] ReadMemory at 0x1d7b679f340 of 64 bytes failed: Only part of a ReadProcessMemory or WriteProcessMemory request was completed. (0x12B)
[0721/153640.025:ERROR:process_memory_win.cc(73)] ReadMemory at 0x1d7b679f3e0 of 62 bytes failed: Only part of a ReadProcessMemory or WriteProcessMemory request was completed. (0x12B)
[0721/153640.025:ERROR:process_memory_win.cc(73)] ReadMemory at 0x1d7b679f430 of 64 bytes failed: Only part of a ReadProcessMemory or WriteProcessMemory request was completed. (0x12B)
[0721/153640.025:ERROR:process_memory_win.cc(73)] ReadMemory at 0x1d7b679f480 of 64 bytes failed: Only part of a ReadProcessMemory or WriteProcessMemory request was completed. (0x12B)
[0721/153640.025:ERROR:process_memory_win.cc(73)] ReadMemory at 0x1d7b679f4d0 of 62 bytes failed: Only part of a ReadProcessMemory or WriteProcessMemory request was completed. (0x12B)
[0721/153640.025:ERROR:process_memory_win.cc(73)] ReadMemory at 0x1d7b679f660 of 62 bytes failed: Only part of a ReadProcessMemory or WriteProcessMemory request was completed. (0x12B)
[0721/153640.025:ERROR:process_memory_win.cc(73)] ReadMemory at 0x1d7b679f6b0 of 62 bytes failed: Only part of a ReadProcessMemory or WriteProcessMemory request was completed. (0x12B)
[0721/153640.026:ERROR:process_memory_win.cc(73)] ReadMemory at 0x1d7b679f7a0 of 66 bytes failed: Only part of a ReadProcessMemory or WriteProcessMemory request was completed. (0x12B)
[0721/153640.026:ERROR:process_memory_win.cc(73)] ReadMemory at 0x1d7b679f840 of 60 bytes failed: Only part of a ReadProcessMemory or WriteProcessMemory request was completed. (0x12B)
[0721/153640.026:ERROR:process_memory_win.cc(73)] ReadMemory at 0x1d7b679f890 of 64 bytes failed: Only part of a ReadProcessMemory or WriteProcessMemory request was completed. (0x12B)
[0721/153640.026:ERROR:process_memory_win.cc(73)] ReadMemory at 0x1d7b679f980 of 64 bytes failed: Only part of a ReadProcessMemory or WriteProcessMemory request was completed. (0x12B)
[0721/153640.026:ERROR:process_memory_win.cc(73)] ReadMemory at 0x1d7b679fa70 of 62 bytes failed: Only part of a ReadProcessMemory or WriteProcessMemory request was completed. (0x12B)
[0721/153640.026:ERROR:process_memory_win.cc(73)] ReadMemory at 0x1d7b679fac0 of 62 bytes failed: Only part of a ReadProcessMemory or WriteProcessMemory request was completed. (0x12B)
[0721/153640.026:ERROR:process_memory_win.cc(73)] ReadMemory at 0x1d7b679fb10 of 62 bytes failed: Only part of a ReadProcessMemory or WriteProcessMemory request was completed. (0x12B)
[0721/153640.026:ERROR:process_memory_win.cc(73)] ReadMemory at 0x1d7b679fb60 of 66 bytes failed: Only part of a ReadProcessMemory or WriteProcessMemory request was completed. (0x12B)
[0721/153640.026:ERROR:process_memory_win.cc(73)] ReadMemory at 0x1d7b679fbb0 of 64 bytes failed: Only part of a ReadProcessMemory or WriteProcessMemory request was completed. (0x12B)
[0721/153640.027:ERROR:process_memory_win.cc(73)] ReadMemory at 0x1d7b679fd40 of 64 bytes failed: Only part of a ReadProcessMemory or WriteProcessMemory request was completed. (0x12B)
[0721/153640.027:ERROR:process_memory_win.cc(73)] ReadMemory at 0x1d7b679fed0 of 60 bytes failed: Only part of a ReadProcessMemory or WriteProcessMemory request was completed. (0x12B)
[0721/153640.027:ERROR:process_memory_win.cc(73)] ReadMemory at 0x1d7b67a13e0 of 132 bytes failed: Only part of a ReadProcessMemory or WriteProcessMemory request was completed. (0x12B)
[0721/153640.027:ERROR:process_memory_win.cc(73)] ReadMemory at 0x1d7b67a1810 of 132 bytes failed: Only part of a ReadProcessMemory or WriteProcessMemory request was completed. (0x12B)
[0721/153640.027:ERROR:process_memory_win.cc(73)] ReadMemory at 0x1d7b67a3ef0 of 78 bytes failed: Only part of a ReadProcessMemory or WriteProcessMemory request was completed. (0x12B)
[0721/153640.027:ERROR:process_memory_win.cc(73)] ReadMemory at 0x1d7b67b1f30 of 62 bytes failed: Only part of a ReadProcessMemory or WriteProcessMemory request was completed. (0x12B)
[0721/153640.027:ERROR:process_memory_win.cc(73)] ReadMemory at 0x1d7b67b2110 of 62 bytes failed: Only part of a ReadProcessMemory or WriteProcessMemory request was completed. (0x12B)
[0721/153640.027:ERROR:process_memory_win.cc(73)] ReadMemory at 0x1d7b67b22a0 of 66 bytes failed: Only part of a ReadProcessMemory or WriteProcessMemory request was completed. (0x12B)
[0721/153640.027:ERROR:process_memory_win.cc(73)] ReadMemory at 0x1d7b67b2480 of 64 bytes failed: Only part of a ReadProcessMemory or WriteProcessMemory request was completed. (0x12B)
[0721/153640.028:ERROR:process_memory_win.cc(73)] ReadMemory at 0x1d7b67b27f0 of 62 bytes failed: Only part of a ReadProcessMemory or WriteProcessMemory request was completed. (0x12B)
[0721/153640.028:ERROR:process_memory_win.cc(73)] ReadMemory at 0x1d7b67b2840 of 58 bytes failed: Only part of a ReadProcessMemory or WriteProcessMemory request was completed. (0x12B)
[0721/153640.028:ERROR:process_memory_win.cc(73)] ReadMemory at 0x1d7b67b2890 of 58 bytes failed: Only part of a ReadProcessMemory or WriteProcessMemory request was completed. (0x12B)
[0721/153640.028:ERROR:process_memory_win.cc(73)] ReadMemory at 0x1d7b67b28e0 of 60 bytes failed: Only part of a ReadProcessMemory or WriteProcessMemory request was completed. (0x12B)
[0721/153640.028:ERROR:process_memory_win.cc(73)] ReadMemory at 0x1d7b67b2930 of 60 bytes failed: Only part of a ReadProcessMemory or WriteProcessMemory request was completed. (0x12B)
[0721/153640.028:ERROR:process_memory_win.cc(73)] ReadMemory at 0x1d7b67b37a0 of 512 bytes failed: Only part of a ReadProcessMemory or WriteProcessMemory request was completed. (0x12B)
[0721/153640.028:ERROR:process_memory_win.cc(73)] ReadMemory at 0x1d7b67dc3d0 of 512 bytes failed: Only part of a ReadProcessMemory or WriteProcessMemory request was completed. (0x12B)
[0721/153640.028:ERROR:process_memory_win.cc(73)] ReadMemory at 0x1d7b67dca00 of 58 bytes failed: Only part of a ReadProcessMemory or WriteProcessMemory request was completed. (0x12B)
[0721/153640.028:ERROR:process_memory_win.cc(73)] ReadMemory at 0x1d7b67dcb40 of 66 bytes failed: Only part of a ReadProcessMemory or WriteProcessMemory request was completed. (0x12B)
[0721/153640.029:ERROR:process_memory_win.cc(73)] ReadMemory at 0x1d7b6811040 of 512 bytes failed: Only part of a ReadProcessMemory or WriteProcessMemory request was completed. (0x12B)
[0721/153640.029:ERROR:process_memory_win.cc(73)] ReadMemory at 0x1d7b681b1d0 of 512 bytes failed: Only part of a ReadProcessMemory or WriteProcessMemory request was completed. (0x12B)
[0721/153640.029:ERROR:process_memory_win.cc(73)] ReadMemory at 0x1d7b6833590 of 60 bytes failed: Only part of a ReadProcessMemory or WriteProcessMemory request was completed. (0x12B)
[0721/153640.029:ERROR:process_memory_win.cc(73)] ReadMemory at 0x1d7b6833758 of 512 bytes failed: Only part of a ReadProcessMemory or WriteProcessMemory request was completed. (0x12B)
[0721/153640.029:ERROR:process_memory_win.cc(73)] ReadMemory at 0x1d7b68352c0 of 512 bytes failed: Only part of a ReadProcessMemory or WriteProcessMemory request was completed. (0x12B)
[0721/153640.029:ERROR:process_memory_win.cc(73)] ReadMemory at 0x1d7b6836ed0 of 512 bytes failed: Only part of a ReadProcessMemory or WriteProcessMemory request was completed. (0x12B)
[0721/153640.029:ERROR:process_memory_win.cc(73)] ReadMemory at 0x1d7b6839340 of 512 bytes failed: Only part of a ReadProcessMemory or WriteProcessMemory request was completed. (0x12B)
[0721/153640.030:ERROR:process_memory_win.cc(73)] ReadMemory at 0x1d7b68396c0 of 512 bytes failed: Only part of a ReadProcessMemory or WriteProcessMemory request was completed. (0x12B)
[0721/153640.030:ERROR:process_memory_win.cc(73)] ReadMemory at 0x1d7b683fc30 of 66 bytes failed: Only part of a ReadProcessMemory or WriteProcessMemory request was completed. (0x12B)
[0721/153640.030:ERROR:process_memory_win.cc(73)] ReadMemory at 0x1d7b986ff80 of 512 bytes failed: Only part of a ReadProcessMemory or WriteProcessMemory request was completed. (0x12B)
[0721/153640.030:ERROR:process_memory_win.cc(73)] ReadMemory at 0x1d7b98920b0 of 132 bytes failed: Only part of a ReadProcessMemory or WriteProcessMemory request was completed. (0x12B)
[0721/153640.030:ERROR:process_memory_win.cc(73)] ReadMemory at 0x1d7b9892310 of 132 bytes failed: Only part of a ReadProcessMemory or WriteProcessMemory request was completed. (0x12B)
[0721/153640.030:ERROR:process_memory_win.cc(73)] ReadMemory at 0x1d7b9892a30 of 132 bytes failed: Only part of a ReadProcessMemory or WriteProcessMemory request was completed. (0x12B)
[0721/153640.030:ERROR:process_memory_win.cc(73)] ReadMemory at 0x1d7b9892dc0 of 132 bytes failed: Only part of a ReadProcessMemory or WriteProcessMemory request was completed. (0x12B)
[0721/153640.030:ERROR:process_memory_win.cc(73)] ReadMemory at 0x1d7b9893020 of 132 bytes failed: Only part of a ReadProcessMemory or WriteProcessMemory request was completed. (0x12B)
[0721/153640.030:ERROR:process_memory_win.cc(73)] ReadMemory at 0x1d7b98933b0 of 132 bytes failed: Only part of a ReadProcessMemory or WriteProcessMemory request was completed. (0x12B)
[0721/153640.031:ERROR:process_memory_win.cc(73)] ReadMemory at 0x1d7b9893ad0 of 132 bytes failed: Only part of a ReadProcessMemory or WriteProcessMemory request was completed. (0x12B)
[0721/153640.031:ERROR:process_memory_win.cc(73)] ReadMemory at 0x1d7b9893e60 of 132 bytes failed: Only part of a ReadProcessMemory or WriteProcessMemory request was completed. (0x12B)
[0721/153640.031:ERROR:process_memory_win.cc(73)] ReadMemory at 0x1d7b98941b0 of 60 bytes failed: Only part of a ReadProcessMemory or WriteProcessMemory request was completed. (0x12B)
[0721/153640.031:ERROR:process_memory_win.cc(73)] ReadMemory at 0x1d7b9894570 of 64 bytes failed: Only part of a ReadProcessMemory or WriteProcessMemory request was completed. (0x12B)
[0721/153640.031:ERROR:process_memory_win.cc(73)] ReadMemory at 0x1d7b98b6310 of 512 bytes failed: Only part of a ReadProcessMemory or WriteProcessMemory request was completed. (0x12B)
[0721/153640.031:ERROR:process_memory_win.cc(73)] ReadMemory at 0x1d7b98c4cf0 of 808 bytes failed: Only part of a ReadProcessMemory or WriteProcessMemory request was completed. (0x12B)
[0721/153640.031:ERROR:process_memory_win.cc(73)] ReadMemory at 0x1d7b98ce230 of 512 bytes failed: Only part of a ReadProcessMemory or WriteProcessMemory request was completed. (0x12B)
[0721/153640.031:ERROR:process_memory_win.cc(73)] ReadMemory at 0x1d7b98ce5b0 of 512 bytes failed: Only part of a ReadProcessMemory or WriteProcessMemory request was completed. (0x12B)
[0721/153640.031:ERROR:process_memory_win.cc(73)] ReadMemory at 0x1d7b9908c80 of 62 bytes failed: Only part of a ReadProcessMemory or WriteProcessMemory request was completed. (0x12B)
[0721/153640.032:ERROR:process_memory_win.cc(73)] ReadMemory at 0x1d7b99095e0 of 64 bytes failed: Only part of a ReadProcessMemory or WriteProcessMemory request was completed. (0x12B)
[0721/153640.032:ERROR:process_memory_win.cc(73)] ReadMemory at 0x1d7b9a36d00 of 60 bytes failed: Only part of a ReadProcessMemory or WriteProcessMemory request was completed. (0x12B)
[0721/153640.032:ERROR:process_memory_win.cc(73)] ReadMemory at 0x1d7b9a72350 of 58 bytes failed: Only part of a ReadProcessMemory or WriteProcessMemory request was completed. (0x12B)
[0721/153640.032:ERROR:process_memory_win.cc(73)] ReadMemory at 0x1d7b9bfb820 of 512 bytes failed: Only part of a ReadProcessMemory or WriteProcessMemory request was completed. (0x12B)
[0721/153640.032:ERROR:process_memory_win.cc(73)] ReadMemory at 0x1d7b9cf0000 of 384 bytes failed: Only part of a ReadProcessMemory or WriteProcessMemory request was completed. (0x12B)
[0721/153640.032:ERROR:process_memory_win.cc(73)] ReadMemory at 0x1d7b9d68370 of 512 bytes failed: Only part of a ReadProcessMemory or WriteProcessMemory request was completed. (0x12B)
[0721/153640.032:ERROR:process_memory_win.cc(73)] ReadMemory at 0x7ffc5d20dd0e of 512 bytes failed: Only part of a ReadProcessMemory or WriteProcessMemory request was completed. (0x12B)
[0721/153640.032:ERROR:process_memory_win.cc(73)] ReadMemory at 0x7ffc618d7978 of 512 bytes failed: Only part of a ReadProcessMemory or WriteProcessMemory request was completed. (0x12B)
[0721/153640.033:ERROR:process_memory_win.cc(73)] ReadMemory at 0x7ffc62419700 of 512 bytes failed: Only part of a ReadProcessMemory or WriteProcessMemory request was completed. (0x12B)
[0721/153640.033:ERROR:process_memory_win.cc(73)] ReadMemory at 0x7ffc62538f78 of 512 bytes failed: Only part of a ReadProcessMemory or WriteProcessMemory request was completed. (0x12B)
[0721/153640.033:ERROR:process_memory_win.cc(73)] ReadMemory at 0x7ffca398c720 of 512 bytes failed: Only part of a ReadProcessMemory or WriteProcessMemory request was completed. (0x12B)
[0721/153640.033:ERROR:process_memory_win.cc(73)] ReadMemory at 0x7ffca48efc24 of 512 bytes failed: Only part of a ReadProcessMemory or WriteProcessMemory request was completed. (0x12B)
[0721/153640.033:ERROR:process_memory_win.cc(73)] ReadMemory at 0x7ffca663c074 of 672 bytes failed: Only part of a ReadProcessMemory or WriteProcessMemory request was completed. (0x12B)
[0721/153640.033:ERROR:process_memory_win.cc(73)] ReadMemory at 0x7ffca663c674 of 512 bytes failed: Only part of a ReadProcessMemory or WriteProcessMemory request was completed. (0x12B)
[0721/153640.034:ERROR:process_memory_win.cc(73)] ReadMemory at 0x7ffca663d124 of 512 bytes failed: Only part of a ReadProcessMemory or WriteProcessMemory request was completed. (0x12B)
[0721/153640.034:ERROR:process_memory_win.cc(73)] ReadMemory at 0x7ffca663f984 of 512 bytes failed: Only part of a ReadProcessMemory or WriteProcessMemory request was completed. (0x12B)
[0721/153640.034:ERROR:process_memory_win.cc(73)] ReadMemory at 0x7ffca66cc428 of 18 bytes failed: Only part of a ReadProcessMemory or WriteProcessMemory request was completed. (0x12B)
[0721/153640.034:ERROR:process_memory_win.cc(73)] ReadMemory at 0x7ffca66ff4f8 of 40 bytes failed: Only part of a ReadProcessMemory or WriteProcessMemory request was completed. (0x12B)
[0721/153640.034:ERROR:process_memory_win.cc(73)] ReadMemory at 0x7ffca66ff978 of 48 bytes failed: Only part of a ReadProcessMemory or WriteProcessMemory request was completed. (0x12B)
[0721/153640.034:ERROR:process_memory_win.cc(73)] ReadMemory at 0x7ffca67053c0 of 64 bytes failed: Only part of a ReadProcessMemory or WriteProcessMemory request was completed. (0x12B)
[0721/153640.037:ERROR:file_io_win.cc(161)] CreateFile C:\Users\kiera\AppData\Local\Temp\scoped_dir13080_1910085430\Crashpad\settings.dat: The system cannot find the file specified. (0x2)
[0721/153640.037:ERROR:scoped_process_suspend.cc(40)] NtResumeProcess: An attempt was made to access an exiting process. (0xc000010a)
[0721/153640.039:ERROR:crash_report_database_win.cc(469)] failed to stat report
